ARM GAS  C:\Users\Elias\AppData\Local\Temp\ccm4V31V.s 			page 1


   1              		.syntax unified
   2              		.cpu cortex-m3
   3              		.fpu softvfp
   4              		.eabi_attribute 20, 1
   5              		.eabi_attribute 21, 1
   6              		.eabi_attribute 23, 3
   7              		.eabi_attribute 24, 1
   8              		.eabi_attribute 25, 1
   9              		.eabi_attribute 26, 1
  10              		.eabi_attribute 30, 1
  11              		.eabi_attribute 34, 1
  12              		.eabi_attribute 18, 4
  13              		.thumb
  14              		.syntax unified
  15              		.file	"cymetadata.c"
  16              		.text
  17              	.Ltext0:
  18              		.cfi_sections	.debug_frame
  19              		.global	cy_metadata
  20              		.global	cy_meta_flashprotect
  21              		.global	cy_meta_wonvl
  22              		.global	cy_meta_custnvl
  23              		.global	cy_meta_configecc
  24              		.section	.cyconfigecc,"a",%progbits
  25              		.align	2
  26              		.type	cy_meta_configecc, %object
  27              		.size	cy_meta_configecc, 1544
  28              	cy_meta_configecc:
  29 0000 04       		.byte	4
  30 0001 64       		.byte	100
  31 0002 00       		.byte	0
  32 0003 40       		.byte	64
  33 0004 02       		.byte	2
  34 0005 65       		.byte	101
  35 0006 00       		.byte	0
  36 0007 40       		.byte	64
  37 0008 02       		.byte	2
  38 0009 03       		.byte	3
  39 000a 01       		.byte	1
  40 000b 40       		.byte	64
  41 000c 11       		.byte	17
  42 000d 04       		.byte	4
  43 000e 01       		.byte	1
  44 000f 40       		.byte	64
  45 0010 35       		.byte	53
  46 0011 05       		.byte	5
  47 0012 01       		.byte	1
  48 0013 40       		.byte	64
  49 0014 66       		.byte	102
  50 0015 06       		.byte	6
  51 0016 01       		.byte	1
  52 0017 40       		.byte	64
  53 0018 46       		.byte	70
  54 0019 07       		.byte	7
  55 001a 01       		.byte	1
  56 001b 40       		.byte	64
  57 001c 6D       		.byte	109
ARM GAS  C:\Users\Elias\AppData\Local\Temp\ccm4V31V.s 			page 2


  58 001d 14       		.byte	20
  59 001e 01       		.byte	1
  60 001f 40       		.byte	64
  61 0020 49       		.byte	73
  62 0021 15       		.byte	21
  63 0022 01       		.byte	1
  64 0023 40       		.byte	64
  65 0024 57       		.byte	87
  66 0025 16       		.byte	22
  67 0026 01       		.byte	1
  68 0027 40       		.byte	64
  69 0028 4C       		.byte	76
  70 0029 17       		.byte	23
  71 002a 01       		.byte	1
  72 002b 40       		.byte	64
  73 002c 02       		.byte	2
  74 002d 1B       		.byte	27
  75 002e 01       		.byte	1
  76 002f 40       		.byte	64
  77 0030 09       		.byte	9
  78 0031 40       		.byte	64
  79 0032 01       		.byte	1
  80 0033 40       		.byte	64
  81 0034 08       		.byte	8
  82 0035 41       		.byte	65
  83 0036 01       		.byte	1
  84 0037 40       		.byte	64
  85 0038 06       		.byte	6
  86 0039 42       		.byte	66
  87 003a 01       		.byte	1
  88 003b 40       		.byte	64
  89 003c 06       		.byte	6
  90 003d 43       		.byte	67
  91 003e 01       		.byte	1
  92 003f 40       		.byte	64
  93 0040 04       		.byte	4
  94 0041 48       		.byte	72
  95 0042 01       		.byte	1
  96 0043 40       		.byte	64
  97 0044 03       		.byte	3
  98 0045 49       		.byte	73
  99 0046 01       		.byte	1
 100 0047 40       		.byte	64
 101 0048 08       		.byte	8
 102 0049 4D       		.byte	77
 103 004a 01       		.byte	1
 104 004b 40       		.byte	64
 105 004c 04       		.byte	4
 106 004d 50       		.byte	80
 107 004e 01       		.byte	1
 108 004f 40       		.byte	64
 109 0050 02       		.byte	2
 110 0051 51       		.byte	81
 111 0052 01       		.byte	1
 112 0053 40       		.byte	64
 113 0054 84       		.byte	-124
 114 0055 38       		.byte	56
ARM GAS  C:\Users\Elias\AppData\Local\Temp\ccm4V31V.s 			page 3


 115 0056 85       		.byte	-123
 116 0057 72       		.byte	114
 117 0058 86       		.byte	-122
 118 0059 72       		.byte	114
 119 005a 87       		.byte	-121
 120 005b 0F       		.byte	15
 121 005c 84       		.byte	-124
 122 005d 0F       		.byte	15
 123 005e 87       		.byte	-121
 124 005f 38       		.byte	56
 125 0060 A7       		.byte	-89
 126 0061 40       		.byte	64
 127 0062 AB       		.byte	-85
 128 0063 40       		.byte	64
 129 0064 02       		.byte	2
 130 0065 02       		.byte	2
 131 0066 16       		.byte	22
 132 0067 01       		.byte	1
 133 0068 1A       		.byte	26
 134 0069 01       		.byte	1
 135 006a 2E       		.byte	46
 136 006b 02       		.byte	2
 137 006c 2F       		.byte	47
 138 006d 01       		.byte	1
 139 006e 34       		.byte	52
 140 006f 01       		.byte	1
 141 0070 36       		.byte	54
 142 0071 02       		.byte	2
 143 0072 37       		.byte	55
 144 0073 01       		.byte	1
 145 0074 3E       		.byte	62
 146 0075 50       		.byte	80
 147 0076 54       		.byte	84
 148 0077 18       		.byte	24
 149 0078 56       		.byte	86
 150 0079 04       		.byte	4
 151 007a 58       		.byte	88
 152 007b 04       		.byte	4
 153 007c 59       		.byte	89
 154 007d 04       		.byte	4
 155 007e 5B       		.byte	91
 156 007f 04       		.byte	4
 157 0080 5C       		.byte	92
 158 0081 10       		.byte	16
 159 0082 5D       		.byte	93
 160 0083 10       		.byte	16
 161 0084 5F       		.byte	95
 162 0085 01       		.byte	1
 163 0086 00       		.byte	0
 164 0087 02       		.byte	2
 165 0088 06       		.byte	6
 166 0089 06       		.byte	6
 167 008a 07       		.byte	7
 168 008b 60       		.byte	96
 169 008c 09       		.byte	9
 170 008d 14       		.byte	20
 171 008e 0C       		.byte	12
ARM GAS  C:\Users\Elias\AppData\Local\Temp\ccm4V31V.s 			page 4


 172 008f 54       		.byte	84
 173 0090 0D       		.byte	13
 174 0091 20       		.byte	32
 175 0092 0E       		.byte	14
 176 0093 40       		.byte	64
 177 0094 12       		.byte	18
 178 0095 01       		.byte	1
 179 0096 16       		.byte	22
 180 0097 50       		.byte	80
 181 0098 17       		.byte	23
 182 0099 10       		.byte	16
 183 009a 18       		.byte	24
 184 009b 05       		.byte	5
 185 009c 1C       		.byte	28
 186 009d 02       		.byte	2
 187 009e 1D       		.byte	29
 188 009f 20       		.byte	32
 189 00a0 1E       		.byte	30
 190 00a1 60       		.byte	96
 191 00a2 22       		.byte	34
 192 00a3 80       		.byte	-128
 193 00a4 25       		.byte	37
 194 00a5 10       		.byte	16
 195 00a6 26       		.byte	38
 196 00a7 01       		.byte	1
 197 00a8 27       		.byte	39
 198 00a9 52       		.byte	82
 199 00aa 2A       		.byte	42
 200 00ab 80       		.byte	-128
 201 00ac 2C       		.byte	44
 202 00ad 54       		.byte	84
 203 00ae 2D       		.byte	45
 204 00af 20       		.byte	32
 205 00b0 2E       		.byte	46
 206 00b1 40       		.byte	64
 207 00b2 36       		.byte	54
 208 00b3 89       		.byte	-119
 209 00b4 37       		.byte	55
 210 00b5 10       		.byte	16
 211 00b6 3E       		.byte	62
 212 00b7 AA       		.byte	-86
 213 00b8 44       		.byte	68
 214 00b9 10       		.byte	16
 215 00ba 45       		.byte	69
 216 00bb 01       		.byte	1
 217 00bc 47       		.byte	71
 218 00bd 10       		.byte	16
 219 00be 48       		.byte	72
 220 00bf 01       		.byte	1
 221 00c0 49       		.byte	73
 222 00c1 80       		.byte	-128
 223 00c2 4D       		.byte	77
 224 00c3 80       		.byte	-128
 225 00c4 4E       		.byte	78
 226 00c5 08       		.byte	8
 227 00c6 55       		.byte	85
 228 00c7 04       		.byte	4
ARM GAS  C:\Users\Elias\AppData\Local\Temp\ccm4V31V.s 			page 5


 229 00c8 56       		.byte	86
 230 00c9 01       		.byte	1
 231 00ca 5B       		.byte	91
 232 00cb 02       		.byte	2
 233 00cc 5E       		.byte	94
 234 00cd 20       		.byte	32
 235 00ce 60       		.byte	96
 236 00cf 05       		.byte	5
 237 00d0 63       		.byte	99
 238 00d1 80       		.byte	-128
 239 00d2 6D       		.byte	109
 240 00d3 14       		.byte	20
 241 00d4 6F       		.byte	111
 242 00d5 02       		.byte	2
 243 00d6 76       		.byte	118
 244 00d7 3E       		.byte	62
 245 00d8 86       		.byte	-122
 246 00d9 48       		.byte	72
 247 00da A7       		.byte	-89
 248 00db 40       		.byte	64
 249 00dc C0       		.byte	-64
 250 00dd F8       		.byte	-8
 251 00de C2       		.byte	-62
 252 00df F6       		.byte	-10
 253 00e0 C4       		.byte	-60
 254 00e1 71       		.byte	113
 255 00e2 CA       		.byte	-54
 256 00e3 F8       		.byte	-8
 257 00e4 CC       		.byte	-52
 258 00e5 F0       		.byte	-16
 259 00e6 CE       		.byte	-50
 260 00e7 F0       		.byte	-16
 261 00e8 D0       		.byte	-48
 262 00e9 E0       		.byte	-32
 263 00ea D2       		.byte	-46
 264 00eb 30       		.byte	48
 265 00ec D6       		.byte	-42
 266 00ed 21       		.byte	33
 267 00ee D8       		.byte	-40
 268 00ef 0D       		.byte	13
 269 00f0 00       		.byte	0
 270 00f1 21       		.byte	33
 271 00f2 01       		.byte	1
 272 00f3 22       		.byte	34
 273 00f4 02       		.byte	2
 274 00f5 4A       		.byte	74
 275 00f6 03       		.byte	3
 276 00f7 51       		.byte	81
 277 00f8 08       		.byte	8
 278 00f9 E7       		.byte	-25
 279 00fa 09       		.byte	9
 280 00fb E7       		.byte	-25
 281 00fc 11       		.byte	17
 282 00fd 01       		.byte	1
 283 00fe 13       		.byte	19
 284 00ff 0E       		.byte	14
 285 0100 14       		.byte	20
ARM GAS  C:\Users\Elias\AppData\Local\Temp\ccm4V31V.s 			page 6


 286 0101 02       		.byte	2
 287 0102 16       		.byte	22
 288 0103 15       		.byte	21
 289 0104 18       		.byte	24
 290 0105 44       		.byte	68
 291 0106 19       		.byte	25
 292 0107 44       		.byte	68
 293 0108 1A       		.byte	26
 294 0109 2A       		.byte	42
 295 010a 1B       		.byte	27
 296 010b 31       		.byte	49
 297 010c 25       		.byte	37
 298 010d E7       		.byte	-25
 299 010e 28       		.byte	40
 300 010f E7       		.byte	-25
 301 0110 2C       		.byte	44
 302 0111 80       		.byte	-128
 303 0112 2D       		.byte	45
 304 0113 80       		.byte	-128
 305 0114 30       		.byte	48
 306 0115 80       		.byte	-128
 307 0116 31       		.byte	49
 308 0117 18       		.byte	24
 309 0118 32       		.byte	50
 310 0119 07       		.byte	7
 311 011a 33       		.byte	51
 312 011b 80       		.byte	-128
 313 011c 34       		.byte	52
 314 011d 60       		.byte	96
 315 011e 35       		.byte	53
 316 011f 60       		.byte	96
 317 0120 36       		.byte	54
 318 0121 18       		.byte	24
 319 0122 37       		.byte	55
 320 0123 07       		.byte	7
 321 0124 3E       		.byte	62
 322 0125 40       		.byte	64
 323 0126 3F       		.byte	63
 324 0127 01       		.byte	1
 325 0128 40       		.byte	64
 326 0129 64       		.byte	100
 327 012a 41       		.byte	65
 328 012b 02       		.byte	2
 329 012c 42       		.byte	66
 330 012d 05       		.byte	5
 331 012e 44       		.byte	68
 332 012f 01       		.byte	1
 333 0130 45       		.byte	69
 334 0131 E0       		.byte	-32
 335 0132 46       		.byte	70
 336 0133 C0       		.byte	-64
 337 0134 48       		.byte	72
 338 0135 0A       		.byte	10
 339 0136 49       		.byte	73
 340 0137 FF       		.byte	-1
 341 0138 4A       		.byte	74
 342 0139 FF       		.byte	-1
ARM GAS  C:\Users\Elias\AppData\Local\Temp\ccm4V31V.s 			page 7


 343 013a 4B       		.byte	75
 344 013b FF       		.byte	-1
 345 013c 4C       		.byte	76
 346 013d 62       		.byte	98
 347 013e 4D       		.byte	77
 348 013f A0       		.byte	-96
 349 0140 4E       		.byte	78
 350 0141 F0       		.byte	-16
 351 0142 4F       		.byte	79
 352 0143 41       		.byte	65
 353 0144 50       		.byte	80
 354 0145 0C       		.byte	12
 355 0146 56       		.byte	86
 356 0147 02       		.byte	2
 357 0148 57       		.byte	87
 358 0149 13       		.byte	19
 359 014a 58       		.byte	88
 360 014b 04       		.byte	4
 361 014c 59       		.byte	89
 362 014d 04       		.byte	4
 363 014e 5A       		.byte	90
 364 014f 04       		.byte	4
 365 0150 5B       		.byte	91
 366 0151 04       		.byte	4
 367 0152 5C       		.byte	92
 368 0153 10       		.byte	16
 369 0154 5F       		.byte	95
 370 0155 01       		.byte	1
 371 0156 66       		.byte	102
 372 0157 40       		.byte	64
 373 0158 67       		.byte	103
 374 0159 02       		.byte	2
 375 015a 69       		.byte	105
 376 015b 10       		.byte	16
 377 015c 6A       		.byte	106
 378 015d 30       		.byte	48
 379 015e 6B       		.byte	107
 380 015f 10       		.byte	16
 381 0160 6D       		.byte	109
 382 0161 10       		.byte	16
 383 0162 6E       		.byte	110
 384 0163 10       		.byte	16
 385 0164 6F       		.byte	111
 386 0165 12       		.byte	18
 387 0166 84       		.byte	-124
 388 0167 B4       		.byte	-76
 389 0168 86       		.byte	-122
 390 0169 49       		.byte	73
 391 016a 88       		.byte	-120
 392 016b 47       		.byte	71
 393 016c 89       		.byte	-119
 394 016d 01       		.byte	1
 395 016e 8A       		.byte	-118
 396 016f A8       		.byte	-88
 397 0170 8C       		.byte	-116
 398 0171 47       		.byte	71
 399 0172 8E       		.byte	-114
ARM GAS  C:\Users\Elias\AppData\Local\Temp\ccm4V31V.s 			page 8


 400 0173 98       		.byte	-104
 401 0174 92       		.byte	-110
 402 0175 B0       		.byte	-80
 403 0176 96       		.byte	-106
 404 0177 01       		.byte	1
 405 0178 9A       		.byte	-102
 406 0179 10       		.byte	16
 407 017a A6       		.byte	-90
 408 017b 4B       		.byte	75
 409 017c AD       		.byte	-83
 410 017d 02       		.byte	2
 411 017e B0       		.byte	-80
 412 017f 38       		.byte	56
 413 0180 B2       		.byte	-78
 414 0181 D8       		.byte	-40
 415 0182 B3       		.byte	-77
 416 0183 01       		.byte	1
 417 0184 B4       		.byte	-76
 418 0185 06       		.byte	6
 419 0186 B5       		.byte	-75
 420 0187 02       		.byte	2
 421 0188 B6       		.byte	-74
 422 0189 01       		.byte	1
 423 018a B8       		.byte	-72
 424 018b 20       		.byte	32
 425 018c BA       		.byte	-70
 426 018d 0A       		.byte	10
 427 018e BE       		.byte	-66
 428 018f 50       		.byte	80
 429 0190 BF       		.byte	-65
 430 0191 14       		.byte	20
 431 0192 C0       		.byte	-64
 432 0193 02       		.byte	2
 433 0194 C7       		.byte	-57
 434 0195 04       		.byte	4
 435 0196 C9       		.byte	-55
 436 0197 FF       		.byte	-1
 437 0198 CA       		.byte	-54
 438 0199 07       		.byte	7
 439 019a CB       		.byte	-53
 440 019b FF       		.byte	-1
 441 019c CC       		.byte	-52
 442 019d 40       		.byte	64
 443 019e CD       		.byte	-51
 444 019f 20       		.byte	32
 445 01a0 CE       		.byte	-50
 446 01a1 F0       		.byte	-16
 447 01a2 CF       		.byte	-49
 448 01a3 05       		.byte	5
 449 01a4 D0       		.byte	-48
 450 01a5 08       		.byte	8
 451 01a6 D4       		.byte	-44
 452 01a7 01       		.byte	1
 453 01a8 D6       		.byte	-42
 454 01a9 04       		.byte	4
 455 01aa D8       		.byte	-40
 456 01ab 04       		.byte	4
ARM GAS  C:\Users\Elias\AppData\Local\Temp\ccm4V31V.s 			page 9


 457 01ac D9       		.byte	-39
 458 01ad 04       		.byte	4
 459 01ae DA       		.byte	-38
 460 01af 04       		.byte	4
 461 01b0 DB       		.byte	-37
 462 01b1 04       		.byte	4
 463 01b2 DF       		.byte	-33
 464 01b3 01       		.byte	1
 465 01b4 E0       		.byte	-32
 466 01b5 40       		.byte	64
 467 01b6 E1       		.byte	-31
 468 01b7 A8       		.byte	-88
 469 01b8 E2       		.byte	-30
 470 01b9 40       		.byte	64
 471 01ba E3       		.byte	-29
 472 01bb 20       		.byte	32
 473 01bc 00       		.byte	0
 474 01bd 60       		.byte	96
 475 01be 01       		.byte	1
 476 01bf 08       		.byte	8
 477 01c0 05       		.byte	5
 478 01c1 02       		.byte	2
 479 01c2 07       		.byte	7
 480 01c3 04       		.byte	4
 481 01c4 09       		.byte	9
 482 01c5 08       		.byte	8
 483 01c6 0A       		.byte	10
 484 01c7 A0       		.byte	-96
 485 01c8 0B       		.byte	11
 486 01c9 08       		.byte	8
 487 01ca 0C       		.byte	12
 488 01cb 04       		.byte	4
 489 01cc 0E       		.byte	14
 490 01cd 24       		.byte	36
 491 01ce 10       		.byte	16
 492 01cf 20       		.byte	32
 493 01d0 14       		.byte	20
 494 01d1 40       		.byte	64
 495 01d2 15       		.byte	21
 496 01d3 40       		.byte	64
 497 01d4 17       		.byte	23
 498 01d5 11       		.byte	17
 499 01d6 18       		.byte	24
 500 01d7 44       		.byte	68
 501 01d8 19       		.byte	25
 502 01d9 88       		.byte	-120
 503 01da 1D       		.byte	29
 504 01db 92       		.byte	-110
 505 01dc 1E       		.byte	30
 506 01dd 24       		.byte	36
 507 01de 20       		.byte	32
 508 01df 08       		.byte	8
 509 01e0 22       		.byte	34
 510 01e1 04       		.byte	4
 511 01e2 25       		.byte	37
 512 01e3 01       		.byte	1
 513 01e4 26       		.byte	38
ARM GAS  C:\Users\Elias\AppData\Local\Temp\ccm4V31V.s 			page 10


 514 01e5 28       		.byte	40
 515 01e6 27       		.byte	39
 516 01e7 01       		.byte	1
 517 01e8 2B       		.byte	43
 518 01e9 01       		.byte	1
 519 01ea 2D       		.byte	45
 520 01eb 04       		.byte	4
 521 01ec 2F       		.byte	47
 522 01ed 02       		.byte	2
 523 01ee 35       		.byte	53
 524 01ef 20       		.byte	32
 525 01f0 36       		.byte	54
 526 01f1 20       		.byte	32
 527 01f2 37       		.byte	55
 528 01f3 01       		.byte	1
 529 01f4 3B       		.byte	59
 530 01f5 20       		.byte	32
 531 01f6 3D       		.byte	61
 532 01f7 10       		.byte	16
 533 01f8 3F       		.byte	63
 534 01f9 01       		.byte	1
 535 01fa 40       		.byte	64
 536 01fb 04       		.byte	4
 537 01fc 45       		.byte	69
 538 01fd 92       		.byte	-110
 539 01fe 46       		.byte	70
 540 01ff 40       		.byte	64
 541 0200 4C       		.byte	76
 542 0201 80       		.byte	-128
 543 0202 4F       		.byte	79
 544 0203 50       		.byte	80
 545 0204 50       		.byte	80
 546 0205 24       		.byte	36
 547 0206 51       		.byte	81
 548 0207 10       		.byte	16
 549 0208 53       		.byte	83
 550 0209 04       		.byte	4
 551 020a 56       		.byte	86
 552 020b 10       		.byte	16
 553 020c 59       		.byte	89
 554 020d 80       		.byte	-128
 555 020e 5A       		.byte	90
 556 020f 28       		.byte	40
 557 0210 5B       		.byte	91
 558 0211 02       		.byte	2
 559 0212 5E       		.byte	94
 560 0213 02       		.byte	2
 561 0214 61       		.byte	97
 562 0215 01       		.byte	1
 563 0216 6D       		.byte	109
 564 0217 40       		.byte	64
 565 0218 6F       		.byte	111
 566 0219 14       		.byte	20
 567 021a 76       		.byte	118
 568 021b 21       		.byte	33
 569 021c 77       		.byte	119
 570 021d 08       		.byte	8
ARM GAS  C:\Users\Elias\AppData\Local\Temp\ccm4V31V.s 			page 11


 571 021e 91       		.byte	-111
 572 021f 14       		.byte	20
 573 0220 93       		.byte	-109
 574 0221 01       		.byte	1
 575 0222 9C       		.byte	-100
 576 0223 40       		.byte	64
 577 0224 9D       		.byte	-99
 578 0225 20       		.byte	32
 579 0226 A3       		.byte	-93
 580 0227 02       		.byte	2
 581 0228 A4       		.byte	-92
 582 0229 04       		.byte	4
 583 022a A5       		.byte	-91
 584 022b 01       		.byte	1
 585 022c A6       		.byte	-90
 586 022d 08       		.byte	8
 587 022e AA       		.byte	-86
 588 022f 80       		.byte	-128
 589 0230 AB       		.byte	-85
 590 0231 21       		.byte	33
 591 0232 AC       		.byte	-84
 592 0233 04       		.byte	4
 593 0234 C0       		.byte	-64
 594 0235 57       		.byte	87
 595 0236 C2       		.byte	-62
 596 0237 6E       		.byte	110
 597 0238 C4       		.byte	-60
 598 0239 C4       		.byte	-60
 599 023a CA       		.byte	-54
 600 023b 58       		.byte	88
 601 023c CC       		.byte	-52
 602 023d A0       		.byte	-96
 603 023e CE       		.byte	-50
 604 023f A4       		.byte	-92
 605 0240 D0       		.byte	-48
 606 0241 B4       		.byte	-76
 607 0242 D2       		.byte	-46
 608 0243 30       		.byte	48
 609 0244 D6       		.byte	-42
 610 0245 8F       		.byte	-113
 611 0246 D8       		.byte	-40
 612 0247 01       		.byte	1
 613 0248 04       		.byte	4
 614 0249 20       		.byte	32
 615 024a 05       		.byte	5
 616 024b 13       		.byte	19
 617 024c 06       		.byte	6
 618 024d 18       		.byte	24
 619 024e 07       		.byte	7
 620 024f 0C       		.byte	12
 621 0250 09       		.byte	9
 622 0251 20       		.byte	32
 623 0252 0B       		.byte	11
 624 0253 05       		.byte	5
 625 0254 0C       		.byte	12
 626 0255 12       		.byte	18
 627 0256 0D       		.byte	13
ARM GAS  C:\Users\Elias\AppData\Local\Temp\ccm4V31V.s 			page 12


 628 0257 13       		.byte	19
 629 0258 0E       		.byte	14
 630 0259 20       		.byte	32
 631 025a 0F       		.byte	15
 632 025b 04       		.byte	4
 633 025c 12       		.byte	18
 634 025d 06       		.byte	6
 635 025e 14       		.byte	20
 636 025f 01       		.byte	1
 637 0260 15       		.byte	21
 638 0261 03       		.byte	3
 639 0262 17       		.byte	23
 640 0263 04       		.byte	4
 641 0264 18       		.byte	24
 642 0265 18       		.byte	24
 643 0266 1A       		.byte	26
 644 0267 22       		.byte	34
 645 0268 1F       		.byte	31
 646 0269 08       		.byte	8
 647 026a 20       		.byte	32
 648 026b 20       		.byte	32
 649 026c 23       		.byte	35
 650 026d 40       		.byte	64
 651 026e 24       		.byte	36
 652 026f 38       		.byte	56
 653 0270 25       		.byte	37
 654 0271 0A       		.byte	10
 655 0272 26       		.byte	38
 656 0273 04       		.byte	4
 657 0274 27       		.byte	39
 658 0275 14       		.byte	20
 659 0276 28       		.byte	40
 660 0277 28       		.byte	40
 661 0278 30       		.byte	48
 662 0279 3E       		.byte	62
 663 027a 33       		.byte	51
 664 027b 0F       		.byte	15
 665 027c 34       		.byte	52
 666 027d 01       		.byte	1
 667 027e 35       		.byte	53
 668 027f 40       		.byte	64
 669 0280 37       		.byte	55
 670 0281 30       		.byte	48
 671 0282 39       		.byte	57
 672 0283 80       		.byte	-128
 673 0284 3B       		.byte	59
 674 0285 08       		.byte	8
 675 0286 3E       		.byte	62
 676 0287 10       		.byte	16
 677 0288 40       		.byte	64
 678 0289 26       		.byte	38
 679 028a 41       		.byte	65
 680 028b 03       		.byte	3
 681 028c 45       		.byte	69
 682 028d 0C       		.byte	12
 683 028e 46       		.byte	70
 684 028f E0       		.byte	-32
ARM GAS  C:\Users\Elias\AppData\Local\Temp\ccm4V31V.s 			page 13


 685 0290 47       		.byte	71
 686 0291 0B       		.byte	11
 687 0292 48       		.byte	72
 688 0293 19       		.byte	25
 689 0294 49       		.byte	73
 690 0295 FF       		.byte	-1
 691 0296 4A       		.byte	74
 692 0297 FF       		.byte	-1
 693 0298 4B       		.byte	75
 694 0299 FF       		.byte	-1
 695 029a 4E       		.byte	78
 696 029b F0       		.byte	-16
 697 029c 4F       		.byte	79
 698 029d 44       		.byte	68
 699 029e 50       		.byte	80
 700 029f 0C       		.byte	12
 701 02a0 54       		.byte	84
 702 02a1 01       		.byte	1
 703 02a2 56       		.byte	86
 704 02a3 04       		.byte	4
 705 02a4 58       		.byte	88
 706 02a5 04       		.byte	4
 707 02a6 59       		.byte	89
 708 02a7 04       		.byte	4
 709 02a8 5A       		.byte	90
 710 02a9 04       		.byte	4
 711 02aa 5B       		.byte	91
 712 02ab 04       		.byte	4
 713 02ac 5C       		.byte	92
 714 02ad 01       		.byte	1
 715 02ae 5D       		.byte	93
 716 02af 11       		.byte	17
 717 02b0 5F       		.byte	95
 718 02b1 01       		.byte	1
 719 02b2 66       		.byte	102
 720 02b3 C0       		.byte	-64
 721 02b4 6A       		.byte	106
 722 02b5 40       		.byte	64
 723 02b6 6B       		.byte	107
 724 02b7 02       		.byte	2
 725 02b8 82       		.byte	-126
 726 02b9 88       		.byte	-120
 727 02ba 83       		.byte	-125
 728 02bb 40       		.byte	64
 729 02bc 84       		.byte	-124
 730 02bd 13       		.byte	19
 731 02be 86       		.byte	-122
 732 02bf 4C       		.byte	76
 733 02c0 87       		.byte	-121
 734 02c1 04       		.byte	4
 735 02c2 88       		.byte	-120
 736 02c3 03       		.byte	3
 737 02c4 8A       		.byte	-118
 738 02c5 04       		.byte	4
 739 02c6 8B       		.byte	-117
 740 02c7 1D       		.byte	29
 741 02c8 94       		.byte	-108
ARM GAS  C:\Users\Elias\AppData\Local\Temp\ccm4V31V.s 			page 14


 742 02c9 13       		.byte	19
 743 02ca 95       		.byte	-107
 744 02cb 62       		.byte	98
 745 02cc 96       		.byte	-106
 746 02cd C4       		.byte	-60
 747 02ce 97       		.byte	-105
 748 02cf 1C       		.byte	28
 749 02d0 98       		.byte	-104
 750 02d1 20       		.byte	32
 751 02d2 99       		.byte	-103
 752 02d3 0F       		.byte	15
 753 02d4 9A       		.byte	-102
 754 02d5 45       		.byte	69
 755 02d6 9B       		.byte	-101
 756 02d7 30       		.byte	48
 757 02d8 9E       		.byte	-98
 758 02d9 80       		.byte	-128
 759 02da A4       		.byte	-92
 760 02db 8A       		.byte	-118
 761 02dc A6       		.byte	-90
 762 02dd 54       		.byte	84
 763 02de A9       		.byte	-87
 764 02df 0F       		.byte	15
 765 02e0 AB       		.byte	-85
 766 02e1 70       		.byte	112
 767 02e2 AF       		.byte	-81
 768 02e3 60       		.byte	96
 769 02e4 B0       		.byte	-80
 770 02e5 30       		.byte	48
 771 02e6 B1       		.byte	-79
 772 02e7 04       		.byte	4
 773 02e8 B2       		.byte	-78
 774 02e9 C8       		.byte	-56
 775 02ea B3       		.byte	-77
 776 02eb 03       		.byte	3
 777 02ec B4       		.byte	-76
 778 02ed 0F       		.byte	15
 779 02ee B5       		.byte	-75
 780 02ef 78       		.byte	120
 781 02f0 B8       		.byte	-72
 782 02f1 02       		.byte	2
 783 02f2 B9       		.byte	-71
 784 02f3 08       		.byte	8
 785 02f4 BA       		.byte	-70
 786 02f5 28       		.byte	40
 787 02f6 BB       		.byte	-69
 788 02f7 20       		.byte	32
 789 02f8 BF       		.byte	-65
 790 02f9 05       		.byte	5
 791 02fa C0       		.byte	-64
 792 02fb 02       		.byte	2
 793 02fc C5       		.byte	-59
 794 02fd 40       		.byte	64
 795 02fe C9       		.byte	-55
 796 02ff FF       		.byte	-1
 797 0300 CA       		.byte	-54
 798 0301 07       		.byte	7
ARM GAS  C:\Users\Elias\AppData\Local\Temp\ccm4V31V.s 			page 15


 799 0302 CB       		.byte	-53
 800 0303 FF       		.byte	-1
 801 0304 CC       		.byte	-52
 802 0305 40       		.byte	64
 803 0306 CD       		.byte	-51
 804 0307 20       		.byte	32
 805 0308 CE       		.byte	-50
 806 0309 F0       		.byte	-16
 807 030a CF       		.byte	-49
 808 030b 05       		.byte	5
 809 030c D0       		.byte	-48
 810 030d 08       		.byte	8
 811 030e D8       		.byte	-40
 812 030f 04       		.byte	4
 813 0310 D9       		.byte	-39
 814 0311 04       		.byte	4
 815 0312 DA       		.byte	-38
 816 0313 04       		.byte	4
 817 0314 DC       		.byte	-36
 818 0315 11       		.byte	17
 819 0316 DD       		.byte	-35
 820 0317 01       		.byte	1
 821 0318 DF       		.byte	-33
 822 0319 01       		.byte	1
 823 031a E0       		.byte	-32
 824 031b 40       		.byte	64
 825 031c E1       		.byte	-31
 826 031d A8       		.byte	-88
 827 031e E2       		.byte	-30
 828 031f 40       		.byte	64
 829 0320 E3       		.byte	-29
 830 0321 20       		.byte	32
 831 0322 00       		.byte	0
 832 0323 84       		.byte	-124
 833 0324 04       		.byte	4
 834 0325 04       		.byte	4
 835 0326 05       		.byte	5
 836 0327 20       		.byte	32
 837 0328 06       		.byte	6
 838 0329 88       		.byte	-120
 839 032a 0A       		.byte	10
 840 032b 40       		.byte	64
 841 032c 0B       		.byte	11
 842 032d 28       		.byte	40
 843 032e 0C       		.byte	12
 844 032f 20       		.byte	32
 845 0330 0E       		.byte	14
 846 0331 10       		.byte	16
 847 0332 0F       		.byte	15
 848 0333 01       		.byte	1
 849 0334 10       		.byte	16
 850 0335 08       		.byte	8
 851 0336 13       		.byte	19
 852 0337 09       		.byte	9
 853 0338 17       		.byte	23
 854 0339 08       		.byte	8
 855 033a 1A       		.byte	26
ARM GAS  C:\Users\Elias\AppData\Local\Temp\ccm4V31V.s 			page 16


 856 033b 48       		.byte	72
 857 033c 1B       		.byte	27
 858 033d 01       		.byte	1
 859 033e 1C       		.byte	28
 860 033f 84       		.byte	-124
 861 0340 1D       		.byte	29
 862 0341 30       		.byte	48
 863 0342 1E       		.byte	30
 864 0343 10       		.byte	16
 865 0344 1F       		.byte	31
 866 0345 0E       		.byte	14
 867 0346 20       		.byte	32
 868 0347 20       		.byte	32
 869 0348 21       		.byte	33
 870 0349 04       		.byte	4
 871 034a 22       		.byte	34
 872 034b 60       		.byte	96
 873 034c 27       		.byte	39
 874 034d 68       		.byte	104
 875 034e 29       		.byte	41
 876 034f 0A       		.byte	10
 877 0350 2E       		.byte	46
 878 0351 80       		.byte	-128
 879 0352 2F       		.byte	47
 880 0353 0A       		.byte	10
 881 0354 31       		.byte	49
 882 0355 08       		.byte	8
 883 0356 32       		.byte	50
 884 0357 40       		.byte	64
 885 0358 35       		.byte	53
 886 0359 10       		.byte	16
 887 035a 37       		.byte	55
 888 035b 08       		.byte	8
 889 035c 38       		.byte	56
 890 035d 40       		.byte	64
 891 035e 39       		.byte	57
 892 035f 28       		.byte	40
 893 0360 3E       		.byte	62
 894 0361 08       		.byte	8
 895 0362 3F       		.byte	63
 896 0363 35       		.byte	53
 897 0364 41       		.byte	65
 898 0365 20       		.byte	32
 899 0366 43       		.byte	67
 900 0367 08       		.byte	8
 901 0368 47       		.byte	71
 902 0369 20       		.byte	32
 903 036a 4B       		.byte	75
 904 036b 14       		.byte	20
 905 036c 4F       		.byte	79
 906 036d 01       		.byte	1
 907 036e 50       		.byte	80
 908 036f 08       		.byte	8
 909 0370 53       		.byte	83
 910 0371 10       		.byte	16
 911 0372 54       		.byte	84
 912 0373 20       		.byte	32
ARM GAS  C:\Users\Elias\AppData\Local\Temp\ccm4V31V.s 			page 17


 913 0374 57       		.byte	87
 914 0375 10       		.byte	16
 915 0376 59       		.byte	89
 916 0377 20       		.byte	32
 917 0378 5A       		.byte	90
 918 0379 08       		.byte	8
 919 037a 5B       		.byte	91
 920 037b 42       		.byte	66
 921 037c 60       		.byte	96
 922 037d 80       		.byte	-128
 923 037e 80       		.byte	-128
 924 037f 80       		.byte	-128
 925 0380 87       		.byte	-121
 926 0381 12       		.byte	18
 927 0382 89       		.byte	-119
 928 0383 02       		.byte	2
 929 0384 90       		.byte	-112
 930 0385 40       		.byte	64
 931 0386 91       		.byte	-111
 932 0387 20       		.byte	32
 933 0388 95       		.byte	-107
 934 0389 08       		.byte	8
 935 038a 96       		.byte	-106
 936 038b 80       		.byte	-128
 937 038c 99       		.byte	-103
 938 038d 08       		.byte	8
 939 038e 9D       		.byte	-99
 940 038f 02       		.byte	2
 941 0390 A1       		.byte	-95
 942 0391 08       		.byte	8
 943 0392 A4       		.byte	-92
 944 0393 10       		.byte	16
 945 0394 A6       		.byte	-90
 946 0395 20       		.byte	32
 947 0396 A7       		.byte	-89
 948 0397 01       		.byte	1
 949 0398 A9       		.byte	-87
 950 0399 94       		.byte	-108
 951 039a AB       		.byte	-85
 952 039b 01       		.byte	1
 953 039c AC       		.byte	-84
 954 039d 04       		.byte	4
 955 039e C0       		.byte	-64
 956 039f 75       		.byte	117
 957 03a0 C2       		.byte	-62
 958 03a1 EE       		.byte	-18
 959 03a2 C4       		.byte	-60
 960 03a3 2E       		.byte	46
 961 03a4 CA       		.byte	-54
 962 03a5 33       		.byte	51
 963 03a6 CC       		.byte	-52
 964 03a7 6A       		.byte	106
 965 03a8 CE       		.byte	-50
 966 03a9 EE       		.byte	-18
 967 03aa D0       		.byte	-48
 968 03ab 26       		.byte	38
 969 03ac D2       		.byte	-46
ARM GAS  C:\Users\Elias\AppData\Local\Temp\ccm4V31V.s 			page 18


 970 03ad 04       		.byte	4
 971 03ae D6       		.byte	-42
 972 03af 0F       		.byte	15
 973 03b0 D8       		.byte	-40
 974 03b1 01       		.byte	1
 975 03b2 EC       		.byte	-20
 976 03b3 02       		.byte	2
 977 03b4 00       		.byte	0
 978 03b5 01       		.byte	1
 979 03b6 01       		.byte	1
 980 03b7 10       		.byte	16
 981 03b8 04       		.byte	4
 982 03b9 5C       		.byte	92
 983 03ba 05       		.byte	5
 984 03bb 08       		.byte	8
 985 03bc 06       		.byte	6
 986 03bd 23       		.byte	35
 987 03be 08       		.byte	8
 988 03bf 02       		.byte	2
 989 03c0 09       		.byte	9
 990 03c1 18       		.byte	24
 991 03c2 0C       		.byte	12
 992 03c3 08       		.byte	8
 993 03c4 0F       		.byte	15
 994 03c5 63       		.byte	99
 995 03c6 11       		.byte	17
 996 03c7 24       		.byte	36
 997 03c8 14       		.byte	20
 998 03c9 03       		.byte	3
 999 03ca 15       		.byte	21
 1000 03cb 60       		.byte	96
 1001 03cc 18       		.byte	24
 1002 03cd 1F       		.byte	31
 1003 03ce 1A       		.byte	26
 1004 03cf 60       		.byte	96
 1005 03d0 1B       		.byte	27
 1006 03d1 04       		.byte	4
 1007 03d2 1C       		.byte	28
 1008 03d3 7F       		.byte	127
 1009 03d4 1D       		.byte	29
 1010 03d5 1C       		.byte	28
 1011 03d6 1F       		.byte	31
 1012 03d7 E2       		.byte	-30
 1013 03d8 21       		.byte	33
 1014 03d9 FF       		.byte	-1
 1015 03da 22       		.byte	34
 1016 03db 63       		.byte	99
 1017 03dc 24       		.byte	36
 1018 03dd 04       		.byte	4
 1019 03de 25       		.byte	37
 1020 03df 1C       		.byte	28
 1021 03e0 27       		.byte	39
 1022 03e1 E1       		.byte	-31
 1023 03e2 28       		.byte	40
 1024 03e3 0C       		.byte	12
 1025 03e4 29       		.byte	41
 1026 03e5 E7       		.byte	-25
ARM GAS  C:\Users\Elias\AppData\Local\Temp\ccm4V31V.s 			page 19


 1027 03e6 2B       		.byte	43
 1028 03e7 18       		.byte	24
 1029 03e8 2C       		.byte	44
 1030 03e9 73       		.byte	115
 1031 03ea 2D       		.byte	45
 1032 03eb 40       		.byte	64
 1033 03ec 2E       		.byte	46
 1034 03ed 0C       		.byte	12
 1035 03ee 30       		.byte	48
 1036 03ef 4C       		.byte	76
 1037 03f0 31       		.byte	49
 1038 03f1 60       		.byte	96
 1039 03f2 32       		.byte	50
 1040 03f3 0F       		.byte	15
 1041 03f4 33       		.byte	51
 1042 03f5 1F       		.byte	31
 1043 03f6 34       		.byte	52
 1044 03f7 2C       		.byte	44
 1045 03f8 36       		.byte	54
 1046 03f9 10       		.byte	16
 1047 03fa 37       		.byte	55
 1048 03fb 80       		.byte	-128
 1049 03fc 39       		.byte	57
 1050 03fd 80       		.byte	-128
 1051 03fe 3A       		.byte	58
 1052 03ff 28       		.byte	40
 1053 0400 3B       		.byte	59
 1054 0401 28       		.byte	40
 1055 0402 3E       		.byte	62
 1056 0403 40       		.byte	64
 1057 0404 58       		.byte	88
 1058 0405 04       		.byte	4
 1059 0406 59       		.byte	89
 1060 0407 04       		.byte	4
 1061 0408 5F       		.byte	95
 1062 0409 01       		.byte	1
 1063 040a 85       		.byte	-123
 1064 040b 10       		.byte	16
 1065 040c 8B       		.byte	-117
 1066 040d 20       		.byte	32
 1067 040e 8D       		.byte	-115
 1068 040f 0C       		.byte	12
 1069 0410 8E       		.byte	-114
 1070 0411 01       		.byte	1
 1071 0412 8F       		.byte	-113
 1072 0413 11       		.byte	17
 1073 0414 91       		.byte	-111
 1074 0415 40       		.byte	64
 1075 0416 93       		.byte	-109
 1076 0417 03       		.byte	3
 1077 0418 99       		.byte	-103
 1078 0419 14       		.byte	20
 1079 041a 9D       		.byte	-99
 1080 041b 09       		.byte	9
 1081 041c 9F       		.byte	-97
 1082 041d 10       		.byte	16
 1083 041e A2       		.byte	-94
ARM GAS  C:\Users\Elias\AppData\Local\Temp\ccm4V31V.s 			page 20


 1084 041f 01       		.byte	1
 1085 0420 A3       		.byte	-93
 1086 0421 20       		.byte	32
 1087 0422 A5       		.byte	-91
 1088 0423 1C       		.byte	28
 1089 0424 A7       		.byte	-89
 1090 0425 02       		.byte	2
 1091 0426 A9       		.byte	-87
 1092 0427 10       		.byte	16
 1093 0428 AB       		.byte	-85
 1094 0429 0C       		.byte	12
 1095 042a B1       		.byte	-79
 1096 042b 1F       		.byte	31
 1097 042c B3       		.byte	-77
 1098 042d 20       		.byte	32
 1099 042e B4       		.byte	-76
 1100 042f 01       		.byte	1
 1101 0430 B5       		.byte	-75
 1102 0431 40       		.byte	64
 1103 0432 BE       		.byte	-66
 1104 0433 10       		.byte	16
 1105 0434 BF       		.byte	-65
 1106 0435 14       		.byte	20
 1107 0436 C0       		.byte	-64
 1108 0437 32       		.byte	50
 1109 0438 C1       		.byte	-63
 1110 0439 04       		.byte	4
 1111 043a C5       		.byte	-59
 1112 043b 0B       		.byte	11
 1113 043c C6       		.byte	-58
 1114 043d E0       		.byte	-32
 1115 043e C7       		.byte	-57
 1116 043f 0C       		.byte	12
 1117 0440 C8       		.byte	-56
 1118 0441 19       		.byte	25
 1119 0442 C9       		.byte	-55
 1120 0443 FF       		.byte	-1
 1121 0444 CA       		.byte	-54
 1122 0445 FF       		.byte	-1
 1123 0446 CB       		.byte	-53
 1124 0447 FF       		.byte	-1
 1125 0448 CE       		.byte	-50
 1126 0449 F0       		.byte	-16
 1127 044a CF       		.byte	-49
 1128 044b 44       		.byte	68
 1129 044c D0       		.byte	-48
 1130 044d 0C       		.byte	12
 1131 044e D4       		.byte	-44
 1132 044f 18       		.byte	24
 1133 0450 D6       		.byte	-42
 1134 0451 04       		.byte	4
 1135 0452 D8       		.byte	-40
 1136 0453 04       		.byte	4
 1137 0454 D9       		.byte	-39
 1138 0455 04       		.byte	4
 1139 0456 DA       		.byte	-38
 1140 0457 04       		.byte	4
ARM GAS  C:\Users\Elias\AppData\Local\Temp\ccm4V31V.s 			page 21


 1141 0458 DB       		.byte	-37
 1142 0459 04       		.byte	4
 1143 045a DF       		.byte	-33
 1144 045b 01       		.byte	1
 1145 045c E6       		.byte	-26
 1146 045d C0       		.byte	-64
 1147 045e EA       		.byte	-22
 1148 045f 40       		.byte	64
 1149 0460 EB       		.byte	-21
 1150 0461 02       		.byte	2
 1151 0462 03       		.byte	3
 1152 0463 01       		.byte	1
 1153 0464 05       		.byte	5
 1154 0465 12       		.byte	18
 1155 0466 06       		.byte	6
 1156 0467 03       		.byte	3
 1157 0468 07       		.byte	7
 1158 0469 10       		.byte	16
 1159 046a 0C       		.byte	12
 1160 046b 44       		.byte	68
 1161 046c 0E       		.byte	14
 1162 046d 04       		.byte	4
 1163 046e 0F       		.byte	15
 1164 046f 01       		.byte	1
 1165 0470 10       		.byte	16
 1166 0471 80       		.byte	-128
 1167 0472 15       		.byte	21
 1168 0473 94       		.byte	-108
 1169 0474 16       		.byte	22
 1170 0475 C0       		.byte	-64
 1171 0476 17       		.byte	23
 1172 0477 08       		.byte	8
 1173 0478 18       		.byte	24
 1174 0479 04       		.byte	4
 1175 047a 1D       		.byte	29
 1176 047b 01       		.byte	1
 1177 047c 1E       		.byte	30
 1178 047d 16       		.byte	22
 1179 047e 20       		.byte	32
 1180 047f 18       		.byte	24
 1181 0480 22       		.byte	34
 1182 0481 01       		.byte	1
 1183 0482 25       		.byte	37
 1184 0483 14       		.byte	20
 1185 0484 27       		.byte	39
 1186 0485 51       		.byte	81
 1187 0486 29       		.byte	41
 1188 0487 09       		.byte	9
 1189 0488 2B       		.byte	43
 1190 0489 08       		.byte	8
 1191 048a 2C       		.byte	44
 1192 048b 40       		.byte	64
 1193 048c 2E       		.byte	46
 1194 048d 14       		.byte	20
 1195 048e 2F       		.byte	47
 1196 048f 01       		.byte	1
 1197 0490 30       		.byte	48
ARM GAS  C:\Users\Elias\AppData\Local\Temp\ccm4V31V.s 			page 22


 1198 0491 20       		.byte	32
 1199 0492 32       		.byte	50
 1200 0493 41       		.byte	65
 1201 0494 34       		.byte	52
 1202 0495 04       		.byte	4
 1203 0496 35       		.byte	53
 1204 0497 82       		.byte	-126
 1205 0498 36       		.byte	54
 1206 0499 20       		.byte	32
 1207 049a 38       		.byte	56
 1208 049b 48       		.byte	72
 1209 049c 3A       		.byte	58
 1210 049d 10       		.byte	16
 1211 049e 3D       		.byte	61
 1212 049f 14       		.byte	20
 1213 04a0 3E       		.byte	62
 1214 04a1 A2       		.byte	-94
 1215 04a2 40       		.byte	64
 1216 04a3 40       		.byte	64
 1217 04a4 41       		.byte	65
 1218 04a5 14       		.byte	20
 1219 04a6 42       		.byte	66
 1220 04a7 01       		.byte	1
 1221 04a8 43       		.byte	67
 1222 04a9 48       		.byte	72
 1223 04aa 48       		.byte	72
 1224 04ab 20       		.byte	32
 1225 04ac 51       		.byte	81
 1226 04ad 08       		.byte	8
 1227 04ae 53       		.byte	83
 1228 04af 10       		.byte	16
 1229 04b0 5A       		.byte	90
 1230 04b1 01       		.byte	1
 1231 04b2 5E       		.byte	94
 1232 04b3 10       		.byte	16
 1233 04b4 5F       		.byte	95
 1234 04b5 10       		.byte	16
 1235 04b6 60       		.byte	96
 1236 04b7 86       		.byte	-122
 1237 04b8 65       		.byte	101
 1238 04b9 01       		.byte	1
 1239 04ba 67       		.byte	103
 1240 04bb 40       		.byte	64
 1241 04bc 80       		.byte	-128
 1242 04bd 12       		.byte	18
 1243 04be 81       		.byte	-127
 1244 04bf 50       		.byte	80
 1245 04c0 82       		.byte	-126
 1246 04c1 10       		.byte	16
 1247 04c2 83       		.byte	-125
 1248 04c3 01       		.byte	1
 1249 04c4 88       		.byte	-120
 1250 04c5 80       		.byte	-128
 1251 04c6 90       		.byte	-112
 1252 04c7 48       		.byte	72
 1253 04c8 91       		.byte	-111
 1254 04c9 20       		.byte	32
ARM GAS  C:\Users\Elias\AppData\Local\Temp\ccm4V31V.s 			page 23


 1255 04ca 96       		.byte	-106
 1256 04cb 80       		.byte	-128
 1257 04cc 97       		.byte	-105
 1258 04cd 70       		.byte	112
 1259 04ce 98       		.byte	-104
 1260 04cf 04       		.byte	4
 1261 04d0 99       		.byte	-103
 1262 04d1 18       		.byte	24
 1263 04d2 9A       		.byte	-102
 1264 04d3 71       		.byte	113
 1265 04d4 9B       		.byte	-101
 1266 04d5 08       		.byte	8
 1267 04d6 9D       		.byte	-99
 1268 04d7 02       		.byte	2
 1269 04d8 A0       		.byte	-96
 1270 04d9 80       		.byte	-128
 1271 04da A4       		.byte	-92
 1272 04db 10       		.byte	16
 1273 04dc A5       		.byte	-91
 1274 04dd 18       		.byte	24
 1275 04de A6       		.byte	-90
 1276 04df 01       		.byte	1
 1277 04e0 A7       		.byte	-89
 1278 04e1 01       		.byte	1
 1279 04e2 A9       		.byte	-87
 1280 04e3 01       		.byte	1
 1281 04e4 B3       		.byte	-77
 1282 04e5 12       		.byte	18
 1283 04e6 C0       		.byte	-64
 1284 04e7 F1       		.byte	-15
 1285 04e8 C2       		.byte	-62
 1286 04e9 E0       		.byte	-32
 1287 04ea C4       		.byte	-60
 1288 04eb F8       		.byte	-8
 1289 04ec CA       		.byte	-54
 1290 04ed F7       		.byte	-9
 1291 04ee CC       		.byte	-52
 1292 04ef FD       		.byte	-3
 1293 04f0 CE       		.byte	-50
 1294 04f1 FE       		.byte	-2
 1295 04f2 D0       		.byte	-48
 1296 04f3 07       		.byte	7
 1297 04f4 D6       		.byte	-42
 1298 04f5 01       		.byte	1
 1299 04f6 D8       		.byte	-40
 1300 04f7 0D       		.byte	13
 1301 04f8 E2       		.byte	-30
 1302 04f9 20       		.byte	32
 1303 04fa E2       		.byte	-30
 1304 04fb 80       		.byte	-128
 1305 04fc EC       		.byte	-20
 1306 04fd 02       		.byte	2
 1307 04fe 30       		.byte	48
 1308 04ff 10       		.byte	16
 1309 0500 33       		.byte	51
 1310 0501 02       		.byte	2
 1311 0502 34       		.byte	52
ARM GAS  C:\Users\Elias\AppData\Local\Temp\ccm4V31V.s 			page 24


 1312 0503 02       		.byte	2
 1313 0504 35       		.byte	53
 1314 0505 80       		.byte	-128
 1315 0506 3B       		.byte	59
 1316 0507 40       		.byte	64
 1317 0508 88       		.byte	-120
 1318 0509 10       		.byte	16
 1319 050a 8B       		.byte	-117
 1320 050b 40       		.byte	64
 1321 050c CC       		.byte	-52
 1322 050d F0       		.byte	-16
 1323 050e CE       		.byte	-50
 1324 050f 10       		.byte	16
 1325 0510 31       		.byte	49
 1326 0511 20       		.byte	32
 1327 0512 9C       		.byte	-100
 1328 0513 12       		.byte	18
 1329 0514 9D       		.byte	-99
 1330 0515 80       		.byte	-128
 1331 0516 A1       		.byte	-95
 1332 0517 20       		.byte	32
 1333 0518 A9       		.byte	-87
 1334 0519 20       		.byte	32
 1335 051a AB       		.byte	-85
 1336 051b 02       		.byte	2
 1337 051c CC       		.byte	-52
 1338 051d 10       		.byte	16
 1339 051e EA       		.byte	-22
 1340 051f 20       		.byte	32
 1341 0520 00       		.byte	0
 1342 0521 01       		.byte	1
 1343 0522 52       		.byte	82
 1344 0523 20       		.byte	32
 1345 0524 9C       		.byte	-100
 1346 0525 12       		.byte	18
 1347 0526 9D       		.byte	-99
 1348 0527 80       		.byte	-128
 1349 0528 C0       		.byte	-64
 1350 0529 10       		.byte	16
 1351 052a D4       		.byte	-44
 1352 052b 20       		.byte	32
 1353 052c 9C       		.byte	-100
 1354 052d 12       		.byte	18
 1355 052e 9D       		.byte	-99
 1356 052f 80       		.byte	-128
 1357 0530 A8       		.byte	-88
 1358 0531 01       		.byte	1
 1359 0532 AE       		.byte	-82
 1360 0533 20       		.byte	32
 1361 0534 E8       		.byte	-24
 1362 0535 80       		.byte	-128
 1363 0536 EE       		.byte	-18
 1364 0537 40       		.byte	64
 1365 0538 88       		.byte	-120
 1366 0539 10       		.byte	16
 1367 053a 9C       		.byte	-100
 1368 053b 12       		.byte	18
ARM GAS  C:\Users\Elias\AppData\Local\Temp\ccm4V31V.s 			page 25


 1369 053c A9       		.byte	-87
 1370 053d 80       		.byte	-128
 1371 053e EA       		.byte	-22
 1372 053f 20       		.byte	32
 1373 0540 80       		.byte	-128
 1374 0541 02       		.byte	2
 1375 0542 9C       		.byte	-100
 1376 0543 02       		.byte	2
 1377 0544 E6       		.byte	-26
 1378 0545 80       		.byte	-128
 1379 0546 10       		.byte	16
 1380 0547 40       		.byte	64
 1381 0548 74       		.byte	116
 1382 0549 04       		.byte	4
 1383 054a 88       		.byte	-120
 1384 054b 40       		.byte	64
 1385 054c A0       		.byte	-96
 1386 054d 04       		.byte	4
 1387 054e AC       		.byte	-84
 1388 054f 04       		.byte	4
 1389 0550 C4       		.byte	-60
 1390 0551 08       		.byte	8
 1391 0552 DE       		.byte	-34
 1392 0553 04       		.byte	4
 1393 0554 E2       		.byte	-30
 1394 0555 01       		.byte	1
 1395 0556 00       		.byte	0
 1396 0557 03       		.byte	3
 1397 0558 0A       		.byte	10
 1398 0559 03       		.byte	3
 1399 055a 10       		.byte	16
 1400 055b 03       		.byte	3
 1401 055c 1A       		.byte	26
 1402 055d 03       		.byte	3
 1403 055e 00       		.byte	0
 1404 055f FF       		.byte	-1
 1405 0560 01       		.byte	1
 1406 0561 0F       		.byte	15
 1407 0562 00       		.byte	0
 1408 0563 00       		.byte	0
 1409 0564 80       		.byte	-128
 1410 0565 88       		.byte	-120
 1411 0566 00       		.byte	0
 1412 0567 00       		.byte	0
 1413 0568 44       		.byte	68
 1414 0569 00       		.byte	0
 1415 056a 00       		.byte	0
 1416 056b 00       		.byte	0
 1417 056c 5C       		.byte	92
 1418 056d 10       		.byte	16
 1419 056e 23       		.byte	35
 1420 056f 00       		.byte	0
 1421 0570 01       		.byte	1
 1422 0571 08       		.byte	8
 1423 0572 00       		.byte	0
 1424 0573 00       		.byte	0
 1425 0574 04       		.byte	4
ARM GAS  C:\Users\Elias\AppData\Local\Temp\ccm4V31V.s 			page 26


 1426 0575 18       		.byte	24
 1427 0576 00       		.byte	0
 1428 0577 00       		.byte	0
 1429 0578 08       		.byte	8
 1430 0579 24       		.byte	36
 1431 057a 00       		.byte	0
 1432 057b 00       		.byte	0
 1433 057c 1F       		.byte	31
 1434 057d 1C       		.byte	28
 1435 057e 60       		.byte	96
 1436 057f E2       		.byte	-30
 1437 0580 02       		.byte	2
 1438 0581 00       		.byte	0
 1439 0582 00       		.byte	0
 1440 0583 63       		.byte	99
 1441 0584 73       		.byte	115
 1442 0585 FF       		.byte	-1
 1443 0586 0C       		.byte	12
 1444 0587 00       		.byte	0
 1445 0588 03       		.byte	3
 1446 0589 00       		.byte	0
 1447 058a 00       		.byte	0
 1448 058b 04       		.byte	4
 1449 058c 00       		.byte	0
 1450 058d 60       		.byte	96
 1451 058e 63       		.byte	99
 1452 058f 00       		.byte	0
 1453 0590 0C       		.byte	12
 1454 0591 E7       		.byte	-25
 1455 0592 00       		.byte	0
 1456 0593 18       		.byte	24
 1457 0594 7F       		.byte	127
 1458 0595 40       		.byte	64
 1459 0596 00       		.byte	0
 1460 0597 00       		.byte	0
 1461 0598 00       		.byte	0
 1462 0599 1C       		.byte	28
 1463 059a 00       		.byte	0
 1464 059b E1       		.byte	-31
 1465 059c 2C       		.byte	44
 1466 059d 1F       		.byte	31
 1467 059e 10       		.byte	16
 1468 059f 00       		.byte	0
 1469 05a0 0F       		.byte	15
 1470 05a1 80       		.byte	-128
 1471 05a2 4C       		.byte	76
 1472 05a3 60       		.byte	96
 1473 05a4 00       		.byte	0
 1474 05a5 20       		.byte	32
 1475 05a6 22       		.byte	34
 1476 05a7 0A       		.byte	10
 1477 05a8 00       		.byte	0
 1478 05a9 00       		.byte	0
 1479 05aa 04       		.byte	4
 1480 05ab 00       		.byte	0
 1481 05ac 36       		.byte	54
 1482 05ad 02       		.byte	2
ARM GAS  C:\Users\Elias\AppData\Local\Temp\ccm4V31V.s 			page 27


 1483 05ae 05       		.byte	5
 1484 05af 00       		.byte	0
 1485 05b0 04       		.byte	4
 1486 05b1 00       		.byte	0
 1487 05b2 00       		.byte	0
 1488 05b3 CE       		.byte	-50
 1489 05b4 30       		.byte	48
 1490 05b5 FF       		.byte	-1
 1491 05b6 FF       		.byte	-1
 1492 05b7 FF       		.byte	-1
 1493 05b8 62       		.byte	98
 1494 05b9 A0       		.byte	-96
 1495 05ba F0       		.byte	-16
 1496 05bb 41       		.byte	65
 1497 05bc 0C       		.byte	12
 1498 05bd 00       		.byte	0
 1499 05be 00       		.byte	0
 1500 05bf 00       		.byte	0
 1501 05c0 00       		.byte	0
 1502 05c1 00       		.byte	0
 1503 05c2 02       		.byte	2
 1504 05c3 11       		.byte	17
 1505 05c4 04       		.byte	4
 1506 05c5 04       		.byte	4
 1507 05c6 04       		.byte	4
 1508 05c7 04       		.byte	4
 1509 05c8 11       		.byte	17
 1510 05c9 11       		.byte	17
 1511 05ca 00       		.byte	0
 1512 05cb 01       		.byte	1
 1513 05cc 00       		.byte	0
 1514 05cd 00       		.byte	0
 1515 05ce 00       		.byte	0
 1516 05cf 00       		.byte	0
 1517 05d0 00       		.byte	0
 1518 05d1 00       		.byte	0
 1519 05d2 40       		.byte	64
 1520 05d3 02       		.byte	2
 1521 05d4 00       		.byte	0
 1522 05d5 10       		.byte	16
 1523 05d6 30       		.byte	48
 1524 05d7 10       		.byte	16
 1525 05d8 00       		.byte	0
 1526 05d9 10       		.byte	16
 1527 05da 10       		.byte	16
 1528 05db 12       		.byte	18
 1529 05dc 00       		.byte	0
 1530 05dd 00       		.byte	0
 1531 05de 00       		.byte	0
 1532 05df 00       		.byte	0
 1533 05e0 00       		.byte	0
 1534 05e1 00       		.byte	0
 1535 05e2 00       		.byte	0
 1536 05e3 00       		.byte	0
 1537 05e4 00       		.byte	0
 1538 05e5 00       		.byte	0
 1539 05e6 00       		.byte	0
ARM GAS  C:\Users\Elias\AppData\Local\Temp\ccm4V31V.s 			page 28


 1540 05e7 00       		.byte	0
 1541 05e8 00       		.byte	0
 1542 05e9 00       		.byte	0
 1543 05ea 00       		.byte	0
 1544 05eb 00       		.byte	0
 1545 05ec 8C       		.byte	-116
 1546 05ed 00       		.byte	0
 1547 05ee 44       		.byte	68
 1548 05ef 80       		.byte	-128
 1549 05f0 88       		.byte	-120
 1550 05f1 00       		.byte	0
 1551 05f2 88       		.byte	-120
 1552 05f3 00       		.byte	0
 1553 05f4 00       		.byte	0
 1554 05f5 00       		.byte	0
 1555 05f6 00       		.byte	0
 1556 05f7 00       		.byte	0
 1557 05f8 00       		.byte	0
 1558 05f9 0B       		.byte	11
 1559 05fa 0B       		.byte	11
 1560 05fb 00       		.byte	0
 1561 05fc 00       		.byte	0
 1562 05fd 00       		.byte	0
 1563 05fe 00       		.byte	0
 1564 05ff 00       		.byte	0
 1565 0600 00       		.byte	0
 1566 0601 02       		.byte	2
 1567 0602 02       		.byte	2
 1568 0603 00       		.byte	0
 1569 0604 00       		.byte	0
 1570 0605 00       		.byte	0
 1571 0606 00       		.byte	0
 1572 0607 00       		.byte	0
 1573              		.section	.cywolatch,"a",%progbits
 1574              		.align	2
 1575              		.type	cy_meta_wonvl, %object
 1576              		.size	cy_meta_wonvl, 4
 1577              	cy_meta_wonvl:
 1578 0000 BC       		.byte	-68
 1579 0001 90       		.byte	-112
 1580 0002 AC       		.byte	-84
 1581 0003 AF       		.byte	-81
 1582              		.section	.cycustnvl,"a",%progbits
 1583              		.align	2
 1584              		.type	cy_meta_custnvl, %object
 1585              		.size	cy_meta_custnvl, 4
 1586              	cy_meta_custnvl:
 1587 0000 00       		.byte	0
 1588 0001 00       		.byte	0
 1589 0002 40       		.byte	64
 1590 0003 05       		.byte	5
 1591              		.section	.cymeta,"a",%progbits
 1592              		.align	2
 1593              		.type	cy_metadata, %object
 1594              		.size	cy_metadata, 12
 1595              	cy_metadata:
 1596 0000 00       		.byte	0
ARM GAS  C:\Users\Elias\AppData\Local\Temp\ccm4V31V.s 			page 29


 1597 0001 01       		.byte	1
 1598 0002 2E       		.byte	46
 1599 0003 16       		.byte	22
 1600 0004 10       		.byte	16
 1601 0005 69       		.byte	105
 1602 0006 00       		.byte	0
 1603 0007 01       		.byte	1
 1604 0008 00       		.byte	0
 1605 0009 00       		.byte	0
 1606 000a 00       		.byte	0
 1607 000b 00       		.byte	0
 1608              		.section	.cyflashprotect,"a",%progbits
 1609              		.align	2
 1610              		.type	cy_meta_flashprotect, %object
 1611              		.size	cy_meta_flashprotect, 256
 1612              	cy_meta_flashprotect:
 1613 0000 00000000 		.space	256
 1613      00000000 
 1613      00000000 
 1613      00000000 
 1613      00000000 
 1614              		.text
 1615              	.Letext0:
 1616              		.file 1 "d:\\psoc\\psoc creator\\4.4\\psoc creator\\import\\gnu\\arm\\5.4.1\\arm-none-eabi\\includ
 1617              		.file 2 "d:\\psoc\\psoc creator\\4.4\\psoc creator\\import\\gnu\\arm\\5.4.1\\arm-none-eabi\\includ
 1618              		.file 3 "Generated_Source\\PSoC5\\cymetadata.c"
 1619              		.section	.debug_info,"",%progbits
 1620              	.Ldebug_info0:
 1621 0000 33010000 		.4byte	0x133
 1622 0004 0400     		.2byte	0x4
 1623 0006 00000000 		.4byte	.Ldebug_abbrev0
 1624 000a 04       		.byte	0x4
 1625 000b 01       		.uleb128 0x1
 1626 000c 24000000 		.4byte	.LASF17
 1627 0010 0C       		.byte	0xc
 1628 0011 CA010000 		.4byte	.LASF18
 1629 0015 F9000000 		.4byte	.LASF19
 1630 0019 00000000 		.4byte	.Ldebug_line0
 1631 001d 02       		.uleb128 0x2
 1632 001e 01       		.byte	0x1
 1633 001f 06       		.byte	0x6
 1634 0020 BE010000 		.4byte	.LASF0
 1635 0024 03       		.uleb128 0x3
 1636 0025 00000000 		.4byte	.LASF9
 1637 0029 01       		.byte	0x1
 1638 002a 1D       		.byte	0x1d
 1639 002b 2F000000 		.4byte	0x2f
 1640 002f 02       		.uleb128 0x2
 1641 0030 01       		.byte	0x1
 1642 0031 08       		.byte	0x8
 1643 0032 16000000 		.4byte	.LASF1
 1644 0036 02       		.uleb128 0x2
 1645 0037 02       		.byte	0x2
 1646 0038 05       		.byte	0x5
 1647 0039 AB010000 		.4byte	.LASF2
 1648 003d 02       		.uleb128 0x2
 1649 003e 02       		.byte	0x2
ARM GAS  C:\Users\Elias\AppData\Local\Temp\ccm4V31V.s 			page 30


 1650 003f 07       		.byte	0x7
 1651 0040 C4000000 		.4byte	.LASF3
 1652 0044 02       		.uleb128 0x2
 1653 0045 04       		.byte	0x4
 1654 0046 05       		.byte	0x5
 1655 0047 B5010000 		.4byte	.LASF4
 1656 004b 02       		.uleb128 0x2
 1657 004c 04       		.byte	0x4
 1658 004d 07       		.byte	0x7
 1659 004e B2000000 		.4byte	.LASF5
 1660 0052 02       		.uleb128 0x2
 1661 0053 08       		.byte	0x8
 1662 0054 05       		.byte	0x5
 1663 0055 9D010000 		.4byte	.LASF6
 1664 0059 02       		.uleb128 0x2
 1665 005a 08       		.byte	0x8
 1666 005b 07       		.byte	0x7
 1667 005c 52010000 		.4byte	.LASF7
 1668 0060 04       		.uleb128 0x4
 1669 0061 04       		.byte	0x4
 1670 0062 05       		.byte	0x5
 1671 0063 696E7400 		.ascii	"int\000"
 1672 0067 02       		.uleb128 0x2
 1673 0068 04       		.byte	0x4
 1674 0069 07       		.byte	0x7
 1675 006a 45010000 		.4byte	.LASF8
 1676 006e 03       		.uleb128 0x3
 1677 006f 69010000 		.4byte	.LASF10
 1678 0073 02       		.byte	0x2
 1679 0074 18       		.byte	0x18
 1680 0075 24000000 		.4byte	0x24
 1681 0079 05       		.uleb128 0x5
 1682 007a 91000000 		.4byte	0x91
 1683 007e 8A000000 		.4byte	0x8a
 1684 0082 06       		.uleb128 0x6
 1685 0083 8A000000 		.4byte	0x8a
 1686 0087 0706     		.2byte	0x607
 1687 0089 00       		.byte	0
 1688 008a 02       		.uleb128 0x2
 1689 008b 04       		.byte	0x4
 1690 008c 07       		.byte	0x7
 1691 008d 94010000 		.4byte	.LASF11
 1692 0091 07       		.uleb128 0x7
 1693 0092 6E000000 		.4byte	0x6e
 1694 0096 08       		.uleb128 0x8
 1695 0097 E7000000 		.4byte	.LASF12
 1696 009b 03       		.byte	0x3
 1697 009c 1F       		.byte	0x1f
 1698 009d A7000000 		.4byte	0xa7
 1699 00a1 05       		.uleb128 0x5
 1700 00a2 03       		.byte	0x3
 1701 00a3 00000000 		.4byte	cy_meta_configecc
 1702 00a7 07       		.uleb128 0x7
 1703 00a8 79000000 		.4byte	0x79
 1704 00ac 05       		.uleb128 0x5
 1705 00ad 91000000 		.4byte	0x91
 1706 00b1 BC000000 		.4byte	0xbc
ARM GAS  C:\Users\Elias\AppData\Local\Temp\ccm4V31V.s 			page 31


 1707 00b5 09       		.uleb128 0x9
 1708 00b6 8A000000 		.4byte	0x8a
 1709 00ba 03       		.byte	0x3
 1710 00bb 00       		.byte	0
 1711 00bc 08       		.uleb128 0x8
 1712 00bd D7000000 		.4byte	.LASF13
 1713 00c1 03       		.byte	0x3
 1714 00c2 ED       		.byte	0xed
 1715 00c3 CD000000 		.4byte	0xcd
 1716 00c7 05       		.uleb128 0x5
 1717 00c8 03       		.byte	0x3
 1718 00c9 00000000 		.4byte	cy_meta_custnvl
 1719 00cd 07       		.uleb128 0x7
 1720 00ce AC000000 		.4byte	0xac
 1721 00d2 08       		.uleb128 0x8
 1722 00d3 86010000 		.4byte	.LASF14
 1723 00d7 03       		.byte	0x3
 1724 00d8 FB       		.byte	0xfb
 1725 00d9 E3000000 		.4byte	0xe3
 1726 00dd 05       		.uleb128 0x5
 1727 00de 03       		.byte	0x3
 1728 00df 00000000 		.4byte	cy_meta_wonvl
 1729 00e3 07       		.uleb128 0x7
 1730 00e4 AC000000 		.4byte	0xac
 1731 00e8 05       		.uleb128 0x5
 1732 00e9 91000000 		.4byte	0x91
 1733 00ed F8000000 		.4byte	0xf8
 1734 00f1 09       		.uleb128 0x9
 1735 00f2 8A000000 		.4byte	0x8a
 1736 00f6 FF       		.byte	0xff
 1737 00f7 00       		.byte	0
 1738 00f8 0A       		.uleb128 0xa
 1739 00f9 71010000 		.4byte	.LASF15
 1740 00fd 03       		.byte	0x3
 1741 00fe 0901     		.2byte	0x109
 1742 0100 0A010000 		.4byte	0x10a
 1743 0104 05       		.uleb128 0x5
 1744 0105 03       		.byte	0x3
 1745 0106 00000000 		.4byte	cy_meta_flashprotect
 1746 010a 07       		.uleb128 0x7
 1747 010b E8000000 		.4byte	0xe8
 1748 010f 05       		.uleb128 0x5
 1749 0110 91000000 		.4byte	0x91
 1750 0114 1F010000 		.4byte	0x11f
 1751 0118 09       		.uleb128 0x9
 1752 0119 8A000000 		.4byte	0x8a
 1753 011d 0B       		.byte	0xb
 1754 011e 00       		.byte	0
 1755 011f 0A       		.uleb128 0xa
 1756 0120 0A000000 		.4byte	.LASF16
 1757 0124 03       		.byte	0x3
 1758 0125 3601     		.2byte	0x136
 1759 0127 31010000 		.4byte	0x131
 1760 012b 05       		.uleb128 0x5
 1761 012c 03       		.byte	0x3
 1762 012d 00000000 		.4byte	cy_metadata
 1763 0131 07       		.uleb128 0x7
ARM GAS  C:\Users\Elias\AppData\Local\Temp\ccm4V31V.s 			page 32


 1764 0132 0F010000 		.4byte	0x10f
 1765 0136 00       		.byte	0
 1766              		.section	.debug_abbrev,"",%progbits
 1767              	.Ldebug_abbrev0:
 1768 0000 01       		.uleb128 0x1
 1769 0001 11       		.uleb128 0x11
 1770 0002 01       		.byte	0x1
 1771 0003 25       		.uleb128 0x25
 1772 0004 0E       		.uleb128 0xe
 1773 0005 13       		.uleb128 0x13
 1774 0006 0B       		.uleb128 0xb
 1775 0007 03       		.uleb128 0x3
 1776 0008 0E       		.uleb128 0xe
 1777 0009 1B       		.uleb128 0x1b
 1778 000a 0E       		.uleb128 0xe
 1779 000b 10       		.uleb128 0x10
 1780 000c 17       		.uleb128 0x17
 1781 000d 00       		.byte	0
 1782 000e 00       		.byte	0
 1783 000f 02       		.uleb128 0x2
 1784 0010 24       		.uleb128 0x24
 1785 0011 00       		.byte	0
 1786 0012 0B       		.uleb128 0xb
 1787 0013 0B       		.uleb128 0xb
 1788 0014 3E       		.uleb128 0x3e
 1789 0015 0B       		.uleb128 0xb
 1790 0016 03       		.uleb128 0x3
 1791 0017 0E       		.uleb128 0xe
 1792 0018 00       		.byte	0
 1793 0019 00       		.byte	0
 1794 001a 03       		.uleb128 0x3
 1795 001b 16       		.uleb128 0x16
 1796 001c 00       		.byte	0
 1797 001d 03       		.uleb128 0x3
 1798 001e 0E       		.uleb128 0xe
 1799 001f 3A       		.uleb128 0x3a
 1800 0020 0B       		.uleb128 0xb
 1801 0021 3B       		.uleb128 0x3b
 1802 0022 0B       		.uleb128 0xb
 1803 0023 49       		.uleb128 0x49
 1804 0024 13       		.uleb128 0x13
 1805 0025 00       		.byte	0
 1806 0026 00       		.byte	0
 1807 0027 04       		.uleb128 0x4
 1808 0028 24       		.uleb128 0x24
 1809 0029 00       		.byte	0
 1810 002a 0B       		.uleb128 0xb
 1811 002b 0B       		.uleb128 0xb
 1812 002c 3E       		.uleb128 0x3e
 1813 002d 0B       		.uleb128 0xb
 1814 002e 03       		.uleb128 0x3
 1815 002f 08       		.uleb128 0x8
 1816 0030 00       		.byte	0
 1817 0031 00       		.byte	0
 1818 0032 05       		.uleb128 0x5
 1819 0033 01       		.uleb128 0x1
 1820 0034 01       		.byte	0x1
ARM GAS  C:\Users\Elias\AppData\Local\Temp\ccm4V31V.s 			page 33


 1821 0035 49       		.uleb128 0x49
 1822 0036 13       		.uleb128 0x13
 1823 0037 01       		.uleb128 0x1
 1824 0038 13       		.uleb128 0x13
 1825 0039 00       		.byte	0
 1826 003a 00       		.byte	0
 1827 003b 06       		.uleb128 0x6
 1828 003c 21       		.uleb128 0x21
 1829 003d 00       		.byte	0
 1830 003e 49       		.uleb128 0x49
 1831 003f 13       		.uleb128 0x13
 1832 0040 2F       		.uleb128 0x2f
 1833 0041 05       		.uleb128 0x5
 1834 0042 00       		.byte	0
 1835 0043 00       		.byte	0
 1836 0044 07       		.uleb128 0x7
 1837 0045 26       		.uleb128 0x26
 1838 0046 00       		.byte	0
 1839 0047 49       		.uleb128 0x49
 1840 0048 13       		.uleb128 0x13
 1841 0049 00       		.byte	0
 1842 004a 00       		.byte	0
 1843 004b 08       		.uleb128 0x8
 1844 004c 34       		.uleb128 0x34
 1845 004d 00       		.byte	0
 1846 004e 03       		.uleb128 0x3
 1847 004f 0E       		.uleb128 0xe
 1848 0050 3A       		.uleb128 0x3a
 1849 0051 0B       		.uleb128 0xb
 1850 0052 3B       		.uleb128 0x3b
 1851 0053 0B       		.uleb128 0xb
 1852 0054 49       		.uleb128 0x49
 1853 0055 13       		.uleb128 0x13
 1854 0056 3F       		.uleb128 0x3f
 1855 0057 19       		.uleb128 0x19
 1856 0058 02       		.uleb128 0x2
 1857 0059 18       		.uleb128 0x18
 1858 005a 00       		.byte	0
 1859 005b 00       		.byte	0
 1860 005c 09       		.uleb128 0x9
 1861 005d 21       		.uleb128 0x21
 1862 005e 00       		.byte	0
 1863 005f 49       		.uleb128 0x49
 1864 0060 13       		.uleb128 0x13
 1865 0061 2F       		.uleb128 0x2f
 1866 0062 0B       		.uleb128 0xb
 1867 0063 00       		.byte	0
 1868 0064 00       		.byte	0
 1869 0065 0A       		.uleb128 0xa
 1870 0066 34       		.uleb128 0x34
 1871 0067 00       		.byte	0
 1872 0068 03       		.uleb128 0x3
 1873 0069 0E       		.uleb128 0xe
 1874 006a 3A       		.uleb128 0x3a
 1875 006b 0B       		.uleb128 0xb
 1876 006c 3B       		.uleb128 0x3b
 1877 006d 05       		.uleb128 0x5
ARM GAS  C:\Users\Elias\AppData\Local\Temp\ccm4V31V.s 			page 34


 1878 006e 49       		.uleb128 0x49
 1879 006f 13       		.uleb128 0x13
 1880 0070 3F       		.uleb128 0x3f
 1881 0071 19       		.uleb128 0x19
 1882 0072 02       		.uleb128 0x2
 1883 0073 18       		.uleb128 0x18
 1884 0074 00       		.byte	0
 1885 0075 00       		.byte	0
 1886 0076 00       		.byte	0
 1887              		.section	.debug_aranges,"",%progbits
 1888 0000 14000000 		.4byte	0x14
 1889 0004 0200     		.2byte	0x2
 1890 0006 00000000 		.4byte	.Ldebug_info0
 1891 000a 04       		.byte	0x4
 1892 000b 00       		.byte	0
 1893 000c 0000     		.2byte	0
 1894 000e 0000     		.2byte	0
 1895 0010 00000000 		.4byte	0
 1896 0014 00000000 		.4byte	0
 1897              		.section	.debug_line,"",%progbits
 1898              	.Ldebug_line0:
 1899 0000 0F010000 		.section	.debug_str,"MS",%progbits,1
 1899      02000901 
 1899      00000201 
 1899      FB0E0D00 
 1899      01010101 
 1900              	.LASF9:
 1901 0000 5F5F7569 		.ascii	"__uint8_t\000"
 1901      6E74385F 
 1901      7400
 1902              	.LASF16:
 1903 000a 63795F6D 		.ascii	"cy_metadata\000"
 1903      65746164 
 1903      61746100 
 1904              	.LASF1:
 1905 0016 756E7369 		.ascii	"unsigned char\000"
 1905      676E6564 
 1905      20636861 
 1905      7200
 1906              	.LASF17:
 1907 0024 474E5520 		.ascii	"GNU C11 5.4.1 20160609 (release) [ARM/embedded-5-br"
 1907      43313120 
 1907      352E342E 
 1907      31203230 
 1907      31363036 
 1908 0057 616E6368 		.ascii	"anch revision 237715] -mcpu=cortex-m3 -mthumb -g -O"
 1908      20726576 
 1908      6973696F 
 1908      6E203233 
 1908      37373135 
 1909 008a 67202D66 		.ascii	"g -ffunction-sections -ffat-lto-objects\000"
 1909      66756E63 
 1909      74696F6E 
 1909      2D736563 
 1909      74696F6E 
 1910              	.LASF5:
 1911 00b2 6C6F6E67 		.ascii	"long unsigned int\000"
ARM GAS  C:\Users\Elias\AppData\Local\Temp\ccm4V31V.s 			page 35


 1911      20756E73 
 1911      69676E65 
 1911      6420696E 
 1911      7400
 1912              	.LASF3:
 1913 00c4 73686F72 		.ascii	"short unsigned int\000"
 1913      7420756E 
 1913      7369676E 
 1913      65642069 
 1913      6E7400
 1914              	.LASF13:
 1915 00d7 63795F6D 		.ascii	"cy_meta_custnvl\000"
 1915      6574615F 
 1915      63757374 
 1915      6E766C00 
 1916              	.LASF12:
 1917 00e7 63795F6D 		.ascii	"cy_meta_configecc\000"
 1917      6574615F 
 1917      636F6E66 
 1917      69676563 
 1917      6300
 1918              	.LASF19:
 1919 00f9 433A5C55 		.ascii	"C:\\Users\\Elias\\OneDrive\\Documentos\\PSoC Creato"
 1919      73657273 
 1919      5C456C69 
 1919      61735C4F 
 1919      6E654472 
 1920 0127 725C5072 		.ascii	"r\\PruebaUART\\PruebaUART.cydsn\000"
 1920      75656261 
 1920      55415254 
 1920      5C507275 
 1920      65626155 
 1921              	.LASF8:
 1922 0145 756E7369 		.ascii	"unsigned int\000"
 1922      676E6564 
 1922      20696E74 
 1922      00
 1923              	.LASF7:
 1924 0152 6C6F6E67 		.ascii	"long long unsigned int\000"
 1924      206C6F6E 
 1924      6720756E 
 1924      7369676E 
 1924      65642069 
 1925              	.LASF10:
 1926 0169 75696E74 		.ascii	"uint8_t\000"
 1926      385F7400 
 1927              	.LASF15:
 1928 0171 63795F6D 		.ascii	"cy_meta_flashprotect\000"
 1928      6574615F 
 1928      666C6173 
 1928      6870726F 
 1928      74656374 
 1929              	.LASF14:
 1930 0186 63795F6D 		.ascii	"cy_meta_wonvl\000"
 1930      6574615F 
 1930      776F6E76 
 1930      6C00
ARM GAS  C:\Users\Elias\AppData\Local\Temp\ccm4V31V.s 			page 36


 1931              	.LASF11:
 1932 0194 73697A65 		.ascii	"sizetype\000"
 1932      74797065 
 1932      00
 1933              	.LASF6:
 1934 019d 6C6F6E67 		.ascii	"long long int\000"
 1934      206C6F6E 
 1934      6720696E 
 1934      7400
 1935              	.LASF2:
 1936 01ab 73686F72 		.ascii	"short int\000"
 1936      7420696E 
 1936      7400
 1937              	.LASF4:
 1938 01b5 6C6F6E67 		.ascii	"long int\000"
 1938      20696E74 
 1938      00
 1939              	.LASF0:
 1940 01be 7369676E 		.ascii	"signed char\000"
 1940      65642063 
 1940      68617200 
 1941              	.LASF18:
 1942 01ca 47656E65 		.ascii	"Generated_Source\\PSoC5\\cymetadata.c\000"
 1942      72617465 
 1942      645F536F 
 1942      75726365 
 1942      5C50536F 
 1943              		.ident	"GCC: (GNU Tools for ARM Embedded Processors) 5.4.1 20160609 (release) [ARM/embedded-5-bran
