ARM GAS  C:\Users\Elias\AppData\Local\Temp\cczd8FRi.s 			page 1


   1              		.syntax unified
   2              		.cpu cortex-m3
   3              		.fpu softvfp
   4              		.eabi_attribute 20, 1
   5              		.eabi_attribute 21, 1
   6              		.eabi_attribute 23, 3
   7              		.eabi_attribute 24, 1
   8              		.eabi_attribute 25, 1
   9              		.eabi_attribute 26, 1
  10              		.eabi_attribute 30, 1
  11              		.eabi_attribute 34, 1
  12              		.eabi_attribute 18, 4
  13              		.thumb
  14              		.syntax unified
  15              		.file	"main.c"
  16              		.text
  17              	.Ltext0:
  18              		.cfi_sections	.debug_frame
  19              		.section	.text.isrRxPC_Handler,"ax",%progbits
  20              		.align	2
  21              		.global	isrRxPC_Handler
  22              		.thumb
  23              		.thumb_func
  24              		.type	isrRxPC_Handler, %function
  25              	isrRxPC_Handler:
  26              	.LFB63:
  27              		.file 1 "main.c"
   1:main.c        **** #include "project.h"
   2:main.c        **** 
   3:main.c        **** // Banderas globales
   4:main.c        **** volatile uint8_t flag_change_bps = 0;
   5:main.c        **** volatile uint8_t flag_rx_from_pc = 0;
   6:main.c        **** volatile uint8_t flag_rx_from_zybo = 0;
   7:main.c        **** uint8_t LED_STATE = 0;
   8:main.c        **** 
   9:main.c        **** #define toggleLED   LED_STATE = ~LED_STATE; LED_Write(LED_STATE);   
  10:main.c        **** 
  11:main.c        **** CY_ISR(isrRxPC_Handler) {
  28              		.loc 1 11 0
  29              		.cfi_startproc
  30              		@ args = 0, pretend = 0, frame = 0
  31              		@ frame_needed = 0, uses_anonymous_args = 0
  32 0000 08B5     		push	{r3, lr}
  33              		.cfi_def_cfa_offset 8
  34              		.cfi_offset 3, -8
  35              		.cfi_offset 14, -4
  12:main.c        ****     flag_rx_from_pc = 1;
  36              		.loc 1 12 0
  37 0002 0122     		movs	r2, #1
  38 0004 024B     		ldr	r3, .L3
  39 0006 1A70     		strb	r2, [r3]
  13:main.c        ****     isrRxPC_ClearPending();
  40              		.loc 1 13 0
  41 0008 FFF7FEFF 		bl	isrRxPC_ClearPending
  42              	.LVL0:
  43 000c 08BD     		pop	{r3, pc}
  44              	.L4:
ARM GAS  C:\Users\Elias\AppData\Local\Temp\cczd8FRi.s 			page 2


  45 000e 00BF     		.align	2
  46              	.L3:
  47 0010 00000000 		.word	.LANCHOR0
  48              		.cfi_endproc
  49              	.LFE63:
  50              		.size	isrRxPC_Handler, .-isrRxPC_Handler
  51              		.section	.text.isrRxZYBO_Handler,"ax",%progbits
  52              		.align	2
  53              		.global	isrRxZYBO_Handler
  54              		.thumb
  55              		.thumb_func
  56              		.type	isrRxZYBO_Handler, %function
  57              	isrRxZYBO_Handler:
  58              	.LFB64:
  14:main.c        **** }
  15:main.c        **** 
  16:main.c        **** CY_ISR(isrRxZYBO_Handler) {
  59              		.loc 1 16 0
  60              		.cfi_startproc
  61              		@ args = 0, pretend = 0, frame = 0
  62              		@ frame_needed = 0, uses_anonymous_args = 0
  63 0000 08B5     		push	{r3, lr}
  64              		.cfi_def_cfa_offset 8
  65              		.cfi_offset 3, -8
  66              		.cfi_offset 14, -4
  17:main.c        ****     flag_rx_from_zybo = 1;
  67              		.loc 1 17 0
  68 0002 0122     		movs	r2, #1
  69 0004 024B     		ldr	r3, .L7
  70 0006 5A70     		strb	r2, [r3, #1]
  18:main.c        ****     isrRxZYBO_ClearPending();
  71              		.loc 1 18 0
  72 0008 FFF7FEFF 		bl	isrRxZYBO_ClearPending
  73              	.LVL1:
  74 000c 08BD     		pop	{r3, pc}
  75              	.L8:
  76 000e 00BF     		.align	2
  77              	.L7:
  78 0010 00000000 		.word	.LANCHOR0
  79              		.cfi_endproc
  80              	.LFE64:
  81              		.size	isrRxZYBO_Handler, .-isrRxZYBO_Handler
  82              		.section	.text.main,"ax",%progbits
  83              		.align	2
  84              		.global	main
  85              		.thumb
  86              		.thumb_func
  87              		.type	main, %function
  88              	main:
  89              	.LFB65:
  19:main.c        **** }
  20:main.c        **** 
  21:main.c        **** int main(void)
  22:main.c        **** {
  90              		.loc 1 22 0
  91              		.cfi_startproc
  92              		@ Volatile: function does not return.
ARM GAS  C:\Users\Elias\AppData\Local\Temp\cczd8FRi.s 			page 3


  93              		@ args = 0, pretend = 0, frame = 0
  94              		@ frame_needed = 0, uses_anonymous_args = 0
  95 0000 08B5     		push	{r3, lr}
  96              		.cfi_def_cfa_offset 8
  97              		.cfi_offset 3, -8
  98              		.cfi_offset 14, -4
  23:main.c        ****     CyGlobalIntEnable;
  99              		.loc 1 23 0
 100              		.syntax unified
 101              	@ 23 "main.c" 1
 102 0002 62B6     		CPSIE   i
 103              	@ 0 "" 2
  24:main.c        **** 
  25:main.c        ****     // Inicialización UARTs
  26:main.c        ****     PC_Start();
 104              		.loc 1 26 0
 105              		.thumb
 106              		.syntax unified
 107 0004 FFF7FEFF 		bl	PC_Start
 108              	.LVL2:
  27:main.c        ****     ZYBO_Start();
 109              		.loc 1 27 0
 110 0008 FFF7FEFF 		bl	ZYBO_Start
 111              	.LVL3:
  28:main.c        **** 
  29:main.c        ****     // Configurar velocidad inicial
  30:main.c        ****     LED_Write(LED_STATE);
 112              		.loc 1 30 0
 113 000c 1C4B     		ldr	r3, .L18
 114 000e 9878     		ldrb	r0, [r3, #2]	@ zero_extendqisi2
 115 0010 FFF7FEFF 		bl	LED_Write
 116              	.LVL4:
  31:main.c        **** 
  32:main.c        ****     // ISRs
  33:main.c        ****     isrRxPC_StartEx(isrRxPC_Handler);
 117              		.loc 1 33 0
 118 0014 1B48     		ldr	r0, .L18+4
 119 0016 FFF7FEFF 		bl	isrRxPC_StartEx
 120              	.LVL5:
  34:main.c        ****     isrRxZYBO_StartEx(isrRxZYBO_Handler);
 121              		.loc 1 34 0
 122 001a 1B48     		ldr	r0, .L18+8
 123 001c FFF7FEFF 		bl	isrRxZYBO_StartEx
 124              	.LVL6:
 125              	.L13:
  35:main.c        **** 
  36:main.c        ****     for(;;)
  37:main.c        ****     {
  38:main.c        ****         // Redirigir datos de PC -> Zybo
  39:main.c        ****         if (flag_rx_from_pc) {
 126              		.loc 1 39 0
 127 0020 174B     		ldr	r3, .L18
 128 0022 1B78     		ldrb	r3, [r3]	@ zero_extendqisi2
 129 0024 13F0FF0F 		tst	r3, #255
 130 0028 11D0     		beq	.L10
  40:main.c        ****             flag_rx_from_pc = 0;
 131              		.loc 1 40 0
ARM GAS  C:\Users\Elias\AppData\Local\Temp\cczd8FRi.s 			page 4


 132 002a 154B     		ldr	r3, .L18
 133 002c 0022     		movs	r2, #0
 134 002e 1A70     		strb	r2, [r3]
  41:main.c        ****             toggleLED;
 135              		.loc 1 41 0
 136 0030 9878     		ldrb	r0, [r3, #2]	@ zero_extendqisi2
 137 0032 C043     		mvns	r0, r0
 138 0034 C0B2     		uxtb	r0, r0
 139 0036 9870     		strb	r0, [r3, #2]
 140 0038 FFF7FEFF 		bl	LED_Write
 141              	.LVL7:
  42:main.c        ****             while (PC_GetRxBufferSize() > 0)
 142              		.loc 1 42 0
 143 003c 03E0     		b	.L11
 144              	.L12:
  43:main.c        ****                 ZYBO_PutChar(PC_GetChar());
 145              		.loc 1 43 0
 146 003e FFF7FEFF 		bl	PC_GetChar
 147              	.LVL8:
 148 0042 FFF7FEFF 		bl	ZYBO_PutChar
 149              	.LVL9:
 150              	.L11:
  42:main.c        ****             while (PC_GetRxBufferSize() > 0)
 151              		.loc 1 42 0
 152 0046 FFF7FEFF 		bl	PC_GetRxBufferSize
 153              	.LVL10:
 154 004a 0028     		cmp	r0, #0
 155 004c F7D1     		bne	.L12
 156              	.L10:
  44:main.c        ****         }
  45:main.c        **** 
  46:main.c        ****         // Redirigir datos de Zybo -> PC
  47:main.c        ****         if (flag_rx_from_zybo) {
 157              		.loc 1 47 0
 158 004e 0C4B     		ldr	r3, .L18
 159 0050 5B78     		ldrb	r3, [r3, #1]	@ zero_extendqisi2
 160 0052 13F0FF0F 		tst	r3, #255
 161 0056 E3D0     		beq	.L13
  48:main.c        ****             flag_rx_from_zybo = 0;
 162              		.loc 1 48 0
 163 0058 094B     		ldr	r3, .L18
 164 005a 0022     		movs	r2, #0
 165 005c 5A70     		strb	r2, [r3, #1]
  49:main.c        ****             toggleLED;
 166              		.loc 1 49 0
 167 005e 9878     		ldrb	r0, [r3, #2]	@ zero_extendqisi2
 168 0060 C043     		mvns	r0, r0
 169 0062 C0B2     		uxtb	r0, r0
 170 0064 9870     		strb	r0, [r3, #2]
 171 0066 FFF7FEFF 		bl	LED_Write
 172              	.LVL11:
  50:main.c        ****             while (ZYBO_GetRxBufferSize() > 0)
 173              		.loc 1 50 0
 174 006a 03E0     		b	.L14
 175              	.L15:
  51:main.c        ****                 PC_PutChar(ZYBO_GetChar());
 176              		.loc 1 51 0
ARM GAS  C:\Users\Elias\AppData\Local\Temp\cczd8FRi.s 			page 5


 177 006c FFF7FEFF 		bl	ZYBO_GetChar
 178              	.LVL12:
 179 0070 FFF7FEFF 		bl	PC_PutChar
 180              	.LVL13:
 181              	.L14:
  50:main.c        ****             while (ZYBO_GetRxBufferSize() > 0)
 182              		.loc 1 50 0
 183 0074 FFF7FEFF 		bl	ZYBO_GetRxBufferSize
 184              	.LVL14:
 185 0078 0028     		cmp	r0, #0
 186 007a F7D1     		bne	.L15
 187 007c D0E7     		b	.L13
 188              	.L19:
 189 007e 00BF     		.align	2
 190              	.L18:
 191 0080 00000000 		.word	.LANCHOR0
 192 0084 00000000 		.word	isrRxPC_Handler
 193 0088 00000000 		.word	isrRxZYBO_Handler
 194              		.cfi_endproc
 195              	.LFE65:
 196              		.size	main, .-main
 197              		.global	LED_STATE
 198              		.global	flag_rx_from_zybo
 199              		.global	flag_rx_from_pc
 200              		.global	flag_change_bps
 201              		.bss
 202              		.set	.LANCHOR0,. + 0
 203              		.type	flag_rx_from_pc, %object
 204              		.size	flag_rx_from_pc, 1
 205              	flag_rx_from_pc:
 206 0000 00       		.space	1
 207              		.type	flag_rx_from_zybo, %object
 208              		.size	flag_rx_from_zybo, 1
 209              	flag_rx_from_zybo:
 210 0001 00       		.space	1
 211              		.type	LED_STATE, %object
 212              		.size	LED_STATE, 1
 213              	LED_STATE:
 214 0002 00       		.space	1
 215              		.type	flag_change_bps, %object
 216              		.size	flag_change_bps, 1
 217              	flag_change_bps:
 218 0003 00       		.space	1
 219              		.text
 220              	.Letext0:
 221              		.file 2 "d:\\psoc\\psoc creator\\4.4\\psoc creator\\import\\gnu\\arm\\5.4.1\\arm-none-eabi\\includ
 222              		.file 3 "d:\\psoc\\psoc creator\\4.4\\psoc creator\\import\\gnu\\arm\\5.4.1\\arm-none-eabi\\includ
 223              		.file 4 "Generated_Source\\PSoC5/core_cm3.h"
 224              		.file 5 "Generated_Source\\PSoC5/isrRxPC.h"
 225              		.file 6 "Generated_Source\\PSoC5/isrRxZYBO.h"
 226              		.file 7 "Generated_Source\\PSoC5/PC.h"
 227              		.file 8 "Generated_Source\\PSoC5/ZYBO.h"
 228              		.file 9 "Generated_Source\\PSoC5/LED.h"
 229              		.section	.debug_info,"",%progbits
 230              	.Ldebug_info0:
 231 0000 89020000 		.4byte	0x289
 232 0004 0400     		.2byte	0x4
ARM GAS  C:\Users\Elias\AppData\Local\Temp\cczd8FRi.s 			page 6


 233 0006 00000000 		.4byte	.Ldebug_abbrev0
 234 000a 04       		.byte	0x4
 235 000b 01       		.uleb128 0x1
 236 000c 97000000 		.4byte	.LASF38
 237 0010 0C       		.byte	0xc
 238 0011 5A020000 		.4byte	.LASF39
 239 0015 A4010000 		.4byte	.LASF40
 240 0019 00000000 		.4byte	.Ldebug_ranges0+0
 241 001d 00000000 		.4byte	0
 242 0021 00000000 		.4byte	.Ldebug_line0
 243 0025 02       		.uleb128 0x2
 244 0026 01       		.byte	0x1
 245 0027 06       		.byte	0x6
 246 0028 BF020000 		.4byte	.LASF0
 247 002c 03       		.uleb128 0x3
 248 002d 0E000000 		.4byte	.LASF4
 249 0031 02       		.byte	0x2
 250 0032 1D       		.byte	0x1d
 251 0033 37000000 		.4byte	0x37
 252 0037 02       		.uleb128 0x2
 253 0038 01       		.byte	0x1
 254 0039 08       		.byte	0x8
 255 003a 89000000 		.4byte	.LASF1
 256 003e 02       		.uleb128 0x2
 257 003f 02       		.byte	0x2
 258 0040 05       		.byte	0x5
 259 0041 76020000 		.4byte	.LASF2
 260 0045 02       		.uleb128 0x2
 261 0046 02       		.byte	0x2
 262 0047 07       		.byte	0x7
 263 0048 63010000 		.4byte	.LASF3
 264 004c 03       		.uleb128 0x3
 265 004d 2F000000 		.4byte	.LASF5
 266 0051 02       		.byte	0x2
 267 0052 3F       		.byte	0x3f
 268 0053 57000000 		.4byte	0x57
 269 0057 02       		.uleb128 0x2
 270 0058 04       		.byte	0x4
 271 0059 05       		.byte	0x5
 272 005a 9F020000 		.4byte	.LASF6
 273 005e 02       		.uleb128 0x2
 274 005f 04       		.byte	0x4
 275 0060 07       		.byte	0x7
 276 0061 51010000 		.4byte	.LASF7
 277 0065 02       		.uleb128 0x2
 278 0066 08       		.byte	0x8
 279 0067 05       		.byte	0x5
 280 0068 00000000 		.4byte	.LASF8
 281 006c 02       		.uleb128 0x2
 282 006d 08       		.byte	0x8
 283 006e 07       		.byte	0x7
 284 006f FD010000 		.4byte	.LASF9
 285 0073 04       		.uleb128 0x4
 286 0074 04       		.byte	0x4
 287 0075 05       		.byte	0x5
 288 0076 696E7400 		.ascii	"int\000"
 289 007a 02       		.uleb128 0x2
ARM GAS  C:\Users\Elias\AppData\Local\Temp\cczd8FRi.s 			page 7


 290 007b 04       		.byte	0x4
 291 007c 07       		.byte	0x7
 292 007d F0010000 		.4byte	.LASF10
 293 0081 03       		.uleb128 0x3
 294 0082 14020000 		.4byte	.LASF11
 295 0086 03       		.byte	0x3
 296 0087 18       		.byte	0x18
 297 0088 2C000000 		.4byte	0x2c
 298 008c 03       		.uleb128 0x3
 299 008d 3F020000 		.4byte	.LASF12
 300 0091 03       		.byte	0x3
 301 0092 2C       		.byte	0x2c
 302 0093 4C000000 		.4byte	0x4c
 303 0097 02       		.uleb128 0x2
 304 0098 04       		.byte	0x4
 305 0099 04       		.byte	0x4
 306 009a 73000000 		.4byte	.LASF13
 307 009e 02       		.uleb128 0x2
 308 009f 08       		.byte	0x8
 309 00a0 04       		.byte	0x4
 310 00a1 98010000 		.4byte	.LASF14
 311 00a5 02       		.uleb128 0x2
 312 00a6 01       		.byte	0x1
 313 00a7 08       		.byte	0x8
 314 00a8 61020000 		.4byte	.LASF15
 315 00ac 02       		.uleb128 0x2
 316 00ad 08       		.byte	0x8
 317 00ae 04       		.byte	0x4
 318 00af B3020000 		.4byte	.LASF16
 319 00b3 02       		.uleb128 0x2
 320 00b4 04       		.byte	0x4
 321 00b5 07       		.byte	0x7
 322 00b6 47020000 		.4byte	.LASF17
 323 00ba 05       		.uleb128 0x5
 324 00bb 81000000 		.4byte	0x81
 325 00bf 06       		.uleb128 0x6
 326 00c0 D4020000 		.4byte	.LASF18
 327 00c4 01       		.byte	0x1
 328 00c5 0B       		.byte	0xb
 329 00c6 00000000 		.4byte	.LFB63
 330 00ca 14000000 		.4byte	.LFE63-.LFB63
 331 00ce 01       		.uleb128 0x1
 332 00cf 9C       		.byte	0x9c
 333 00d0 DE000000 		.4byte	0xde
 334 00d4 07       		.uleb128 0x7
 335 00d5 0C000000 		.4byte	.LVL0
 336 00d9 FD010000 		.4byte	0x1fd
 337 00dd 00       		.byte	0
 338 00de 06       		.uleb128 0x6
 339 00df 44000000 		.4byte	.LASF19
 340 00e3 01       		.byte	0x1
 341 00e4 10       		.byte	0x10
 342 00e5 00000000 		.4byte	.LFB64
 343 00e9 14000000 		.4byte	.LFE64-.LFB64
 344 00ed 01       		.uleb128 0x1
 345 00ee 9C       		.byte	0x9c
 346 00ef FD000000 		.4byte	0xfd
ARM GAS  C:\Users\Elias\AppData\Local\Temp\cczd8FRi.s 			page 8


 347 00f3 07       		.uleb128 0x7
 348 00f4 0C000000 		.4byte	.LVL1
 349 00f8 08020000 		.4byte	0x208
 350 00fc 00       		.byte	0
 351 00fd 08       		.uleb128 0x8
 352 00fe 9F010000 		.4byte	.LASF41
 353 0102 01       		.byte	0x1
 354 0103 15       		.byte	0x15
 355 0104 73000000 		.4byte	0x73
 356 0108 00000000 		.4byte	.LFB65
 357 010c 8C000000 		.4byte	.LFE65-.LFB65
 358 0110 01       		.uleb128 0x1
 359 0111 9C       		.byte	0x9c
 360 0112 A8010000 		.4byte	0x1a8
 361 0116 07       		.uleb128 0x7
 362 0117 08000000 		.4byte	.LVL2
 363 011b 13020000 		.4byte	0x213
 364 011f 07       		.uleb128 0x7
 365 0120 0C000000 		.4byte	.LVL3
 366 0124 1E020000 		.4byte	0x21e
 367 0128 07       		.uleb128 0x7
 368 0129 14000000 		.4byte	.LVL4
 369 012d 29020000 		.4byte	0x229
 370 0131 09       		.uleb128 0x9
 371 0132 1A000000 		.4byte	.LVL5
 372 0136 34020000 		.4byte	0x234
 373 013a 48010000 		.4byte	0x148
 374 013e 0A       		.uleb128 0xa
 375 013f 01       		.uleb128 0x1
 376 0140 50       		.byte	0x50
 377 0141 05       		.uleb128 0x5
 378 0142 03       		.byte	0x3
 379 0143 00000000 		.4byte	isrRxPC_Handler
 380 0147 00       		.byte	0
 381 0148 09       		.uleb128 0x9
 382 0149 20000000 		.4byte	.LVL6
 383 014d 3F020000 		.4byte	0x23f
 384 0151 5F010000 		.4byte	0x15f
 385 0155 0A       		.uleb128 0xa
 386 0156 01       		.uleb128 0x1
 387 0157 50       		.byte	0x50
 388 0158 05       		.uleb128 0x5
 389 0159 03       		.byte	0x3
 390 015a 00000000 		.4byte	isrRxZYBO_Handler
 391 015e 00       		.byte	0
 392 015f 07       		.uleb128 0x7
 393 0160 3C000000 		.4byte	.LVL7
 394 0164 29020000 		.4byte	0x229
 395 0168 07       		.uleb128 0x7
 396 0169 42000000 		.4byte	.LVL8
 397 016d 4A020000 		.4byte	0x24a
 398 0171 07       		.uleb128 0x7
 399 0172 46000000 		.4byte	.LVL9
 400 0176 55020000 		.4byte	0x255
 401 017a 07       		.uleb128 0x7
 402 017b 4A000000 		.4byte	.LVL10
 403 017f 60020000 		.4byte	0x260
ARM GAS  C:\Users\Elias\AppData\Local\Temp\cczd8FRi.s 			page 9


 404 0183 07       		.uleb128 0x7
 405 0184 6A000000 		.4byte	.LVL11
 406 0188 29020000 		.4byte	0x229
 407 018c 07       		.uleb128 0x7
 408 018d 70000000 		.4byte	.LVL12
 409 0191 6B020000 		.4byte	0x26b
 410 0195 07       		.uleb128 0x7
 411 0196 74000000 		.4byte	.LVL13
 412 019a 76020000 		.4byte	0x276
 413 019e 07       		.uleb128 0x7
 414 019f 78000000 		.4byte	.LVL14
 415 01a3 81020000 		.4byte	0x281
 416 01a7 00       		.byte	0
 417 01a8 0B       		.uleb128 0xb
 418 01a9 76010000 		.4byte	.LASF20
 419 01ad 04       		.byte	0x4
 420 01ae 1207     		.2byte	0x712
 421 01b0 B4010000 		.4byte	0x1b4
 422 01b4 05       		.uleb128 0x5
 423 01b5 8C000000 		.4byte	0x8c
 424 01b9 0C       		.uleb128 0xc
 425 01ba 66020000 		.4byte	.LASF21
 426 01be 01       		.byte	0x1
 427 01bf 04       		.byte	0x4
 428 01c0 BA000000 		.4byte	0xba
 429 01c4 05       		.uleb128 0x5
 430 01c5 03       		.byte	0x3
 431 01c6 00000000 		.4byte	flag_change_bps
 432 01ca 0C       		.uleb128 0xc
 433 01cb 2F020000 		.4byte	.LASF22
 434 01cf 01       		.byte	0x1
 435 01d0 05       		.byte	0x5
 436 01d1 BA000000 		.4byte	0xba
 437 01d5 05       		.uleb128 0x5
 438 01d6 03       		.byte	0x3
 439 01d7 00000000 		.4byte	flag_rx_from_pc
 440 01db 0C       		.uleb128 0xc
 441 01dc 56000000 		.4byte	.LASF23
 442 01e0 01       		.byte	0x1
 443 01e1 06       		.byte	0x6
 444 01e2 BA000000 		.4byte	0xba
 445 01e6 05       		.uleb128 0x5
 446 01e7 03       		.byte	0x3
 447 01e8 00000000 		.4byte	flag_rx_from_zybo
 448 01ec 0C       		.uleb128 0xc
 449 01ed 50020000 		.4byte	.LASF24
 450 01f1 01       		.byte	0x1
 451 01f2 07       		.byte	0x7
 452 01f3 81000000 		.4byte	0x81
 453 01f7 05       		.uleb128 0x5
 454 01f8 03       		.byte	0x3
 455 01f9 00000000 		.4byte	LED_STATE
 456 01fd 0D       		.uleb128 0xd
 457 01fe 3C010000 		.4byte	.LASF25
 458 0202 3C010000 		.4byte	.LASF25
 459 0206 05       		.byte	0x5
 460 0207 28       		.byte	0x28
ARM GAS  C:\Users\Elias\AppData\Local\Temp\cczd8FRi.s 			page 10


 461 0208 0D       		.uleb128 0xd
 462 0209 25010000 		.4byte	.LASF26
 463 020d 25010000 		.4byte	.LASF26
 464 0211 06       		.byte	0x6
 465 0212 28       		.byte	0x28
 466 0213 0D       		.uleb128 0xd
 467 0214 CB020000 		.4byte	.LASF27
 468 0218 CB020000 		.4byte	.LASF27
 469 021c 07       		.byte	0x7
 470 021d 54       		.byte	0x54
 471 021e 0D       		.uleb128 0xd
 472 021f A8020000 		.4byte	.LASF28
 473 0223 A8020000 		.4byte	.LASF28
 474 0227 08       		.byte	0x8
 475 0228 54       		.byte	0x54
 476 0229 0D       		.uleb128 0xd
 477 022a 25000000 		.4byte	.LASF29
 478 022e 25000000 		.4byte	.LASF29
 479 0232 09       		.byte	0x9
 480 0233 26       		.byte	0x26
 481 0234 0D       		.uleb128 0xd
 482 0235 79000000 		.4byte	.LASF30
 483 0239 79000000 		.4byte	.LASF30
 484 023d 05       		.byte	0x5
 485 023e 18       		.byte	0x18
 486 023f 0D       		.uleb128 0xd
 487 0240 8D020000 		.4byte	.LASF31
 488 0244 8D020000 		.4byte	.LASF31
 489 0248 06       		.byte	0x6
 490 0249 18       		.byte	0x18
 491 024a 0D       		.uleb128 0xd
 492 024b 68000000 		.4byte	.LASF32
 493 024f 68000000 		.4byte	.LASF32
 494 0253 07       		.byte	0x7
 495 0254 71       		.byte	0x71
 496 0255 0D       		.uleb128 0xd
 497 0256 80020000 		.4byte	.LASF33
 498 025a 80020000 		.4byte	.LASF33
 499 025e 08       		.byte	0x8
 500 025f 8A       		.byte	0x8a
 501 0260 0D       		.uleb128 0xd
 502 0261 1C020000 		.4byte	.LASF34
 503 0265 1C020000 		.4byte	.LASF34
 504 0269 07       		.byte	0x7
 505 026a 73       		.byte	0x73
 506 026b 0D       		.uleb128 0xd
 507 026c 18000000 		.4byte	.LASF35
 508 0270 18000000 		.4byte	.LASF35
 509 0274 08       		.byte	0x8
 510 0275 71       		.byte	0x71
 511 0276 0D       		.uleb128 0xd
 512 0277 39000000 		.4byte	.LASF36
 513 027b 39000000 		.4byte	.LASF36
 514 027f 07       		.byte	0x7
 515 0280 8A       		.byte	0x8a
 516 0281 0D       		.uleb128 0xd
 517 0282 83010000 		.4byte	.LASF37
ARM GAS  C:\Users\Elias\AppData\Local\Temp\cczd8FRi.s 			page 11


 518 0286 83010000 		.4byte	.LASF37
 519 028a 08       		.byte	0x8
 520 028b 73       		.byte	0x73
 521 028c 00       		.byte	0
 522              		.section	.debug_abbrev,"",%progbits
 523              	.Ldebug_abbrev0:
 524 0000 01       		.uleb128 0x1
 525 0001 11       		.uleb128 0x11
 526 0002 01       		.byte	0x1
 527 0003 25       		.uleb128 0x25
 528 0004 0E       		.uleb128 0xe
 529 0005 13       		.uleb128 0x13
 530 0006 0B       		.uleb128 0xb
 531 0007 03       		.uleb128 0x3
 532 0008 0E       		.uleb128 0xe
 533 0009 1B       		.uleb128 0x1b
 534 000a 0E       		.uleb128 0xe
 535 000b 55       		.uleb128 0x55
 536 000c 17       		.uleb128 0x17
 537 000d 11       		.uleb128 0x11
 538 000e 01       		.uleb128 0x1
 539 000f 10       		.uleb128 0x10
 540 0010 17       		.uleb128 0x17
 541 0011 00       		.byte	0
 542 0012 00       		.byte	0
 543 0013 02       		.uleb128 0x2
 544 0014 24       		.uleb128 0x24
 545 0015 00       		.byte	0
 546 0016 0B       		.uleb128 0xb
 547 0017 0B       		.uleb128 0xb
 548 0018 3E       		.uleb128 0x3e
 549 0019 0B       		.uleb128 0xb
 550 001a 03       		.uleb128 0x3
 551 001b 0E       		.uleb128 0xe
 552 001c 00       		.byte	0
 553 001d 00       		.byte	0
 554 001e 03       		.uleb128 0x3
 555 001f 16       		.uleb128 0x16
 556 0020 00       		.byte	0
 557 0021 03       		.uleb128 0x3
 558 0022 0E       		.uleb128 0xe
 559 0023 3A       		.uleb128 0x3a
 560 0024 0B       		.uleb128 0xb
 561 0025 3B       		.uleb128 0x3b
 562 0026 0B       		.uleb128 0xb
 563 0027 49       		.uleb128 0x49
 564 0028 13       		.uleb128 0x13
 565 0029 00       		.byte	0
 566 002a 00       		.byte	0
 567 002b 04       		.uleb128 0x4
 568 002c 24       		.uleb128 0x24
 569 002d 00       		.byte	0
 570 002e 0B       		.uleb128 0xb
 571 002f 0B       		.uleb128 0xb
 572 0030 3E       		.uleb128 0x3e
 573 0031 0B       		.uleb128 0xb
 574 0032 03       		.uleb128 0x3
ARM GAS  C:\Users\Elias\AppData\Local\Temp\cczd8FRi.s 			page 12


 575 0033 08       		.uleb128 0x8
 576 0034 00       		.byte	0
 577 0035 00       		.byte	0
 578 0036 05       		.uleb128 0x5
 579 0037 35       		.uleb128 0x35
 580 0038 00       		.byte	0
 581 0039 49       		.uleb128 0x49
 582 003a 13       		.uleb128 0x13
 583 003b 00       		.byte	0
 584 003c 00       		.byte	0
 585 003d 06       		.uleb128 0x6
 586 003e 2E       		.uleb128 0x2e
 587 003f 01       		.byte	0x1
 588 0040 3F       		.uleb128 0x3f
 589 0041 19       		.uleb128 0x19
 590 0042 03       		.uleb128 0x3
 591 0043 0E       		.uleb128 0xe
 592 0044 3A       		.uleb128 0x3a
 593 0045 0B       		.uleb128 0xb
 594 0046 3B       		.uleb128 0x3b
 595 0047 0B       		.uleb128 0xb
 596 0048 27       		.uleb128 0x27
 597 0049 19       		.uleb128 0x19
 598 004a 11       		.uleb128 0x11
 599 004b 01       		.uleb128 0x1
 600 004c 12       		.uleb128 0x12
 601 004d 06       		.uleb128 0x6
 602 004e 40       		.uleb128 0x40
 603 004f 18       		.uleb128 0x18
 604 0050 9742     		.uleb128 0x2117
 605 0052 19       		.uleb128 0x19
 606 0053 01       		.uleb128 0x1
 607 0054 13       		.uleb128 0x13
 608 0055 00       		.byte	0
 609 0056 00       		.byte	0
 610 0057 07       		.uleb128 0x7
 611 0058 898201   		.uleb128 0x4109
 612 005b 00       		.byte	0
 613 005c 11       		.uleb128 0x11
 614 005d 01       		.uleb128 0x1
 615 005e 31       		.uleb128 0x31
 616 005f 13       		.uleb128 0x13
 617 0060 00       		.byte	0
 618 0061 00       		.byte	0
 619 0062 08       		.uleb128 0x8
 620 0063 2E       		.uleb128 0x2e
 621 0064 01       		.byte	0x1
 622 0065 3F       		.uleb128 0x3f
 623 0066 19       		.uleb128 0x19
 624 0067 03       		.uleb128 0x3
 625 0068 0E       		.uleb128 0xe
 626 0069 3A       		.uleb128 0x3a
 627 006a 0B       		.uleb128 0xb
 628 006b 3B       		.uleb128 0x3b
 629 006c 0B       		.uleb128 0xb
 630 006d 27       		.uleb128 0x27
 631 006e 19       		.uleb128 0x19
ARM GAS  C:\Users\Elias\AppData\Local\Temp\cczd8FRi.s 			page 13


 632 006f 49       		.uleb128 0x49
 633 0070 13       		.uleb128 0x13
 634 0071 8701     		.uleb128 0x87
 635 0073 19       		.uleb128 0x19
 636 0074 11       		.uleb128 0x11
 637 0075 01       		.uleb128 0x1
 638 0076 12       		.uleb128 0x12
 639 0077 06       		.uleb128 0x6
 640 0078 40       		.uleb128 0x40
 641 0079 18       		.uleb128 0x18
 642 007a 9742     		.uleb128 0x2117
 643 007c 19       		.uleb128 0x19
 644 007d 01       		.uleb128 0x1
 645 007e 13       		.uleb128 0x13
 646 007f 00       		.byte	0
 647 0080 00       		.byte	0
 648 0081 09       		.uleb128 0x9
 649 0082 898201   		.uleb128 0x4109
 650 0085 01       		.byte	0x1
 651 0086 11       		.uleb128 0x11
 652 0087 01       		.uleb128 0x1
 653 0088 31       		.uleb128 0x31
 654 0089 13       		.uleb128 0x13
 655 008a 01       		.uleb128 0x1
 656 008b 13       		.uleb128 0x13
 657 008c 00       		.byte	0
 658 008d 00       		.byte	0
 659 008e 0A       		.uleb128 0xa
 660 008f 8A8201   		.uleb128 0x410a
 661 0092 00       		.byte	0
 662 0093 02       		.uleb128 0x2
 663 0094 18       		.uleb128 0x18
 664 0095 9142     		.uleb128 0x2111
 665 0097 18       		.uleb128 0x18
 666 0098 00       		.byte	0
 667 0099 00       		.byte	0
 668 009a 0B       		.uleb128 0xb
 669 009b 34       		.uleb128 0x34
 670 009c 00       		.byte	0
 671 009d 03       		.uleb128 0x3
 672 009e 0E       		.uleb128 0xe
 673 009f 3A       		.uleb128 0x3a
 674 00a0 0B       		.uleb128 0xb
 675 00a1 3B       		.uleb128 0x3b
 676 00a2 05       		.uleb128 0x5
 677 00a3 49       		.uleb128 0x49
 678 00a4 13       		.uleb128 0x13
 679 00a5 3F       		.uleb128 0x3f
 680 00a6 19       		.uleb128 0x19
 681 00a7 3C       		.uleb128 0x3c
 682 00a8 19       		.uleb128 0x19
 683 00a9 00       		.byte	0
 684 00aa 00       		.byte	0
 685 00ab 0C       		.uleb128 0xc
 686 00ac 34       		.uleb128 0x34
 687 00ad 00       		.byte	0
 688 00ae 03       		.uleb128 0x3
ARM GAS  C:\Users\Elias\AppData\Local\Temp\cczd8FRi.s 			page 14


 689 00af 0E       		.uleb128 0xe
 690 00b0 3A       		.uleb128 0x3a
 691 00b1 0B       		.uleb128 0xb
 692 00b2 3B       		.uleb128 0x3b
 693 00b3 0B       		.uleb128 0xb
 694 00b4 49       		.uleb128 0x49
 695 00b5 13       		.uleb128 0x13
 696 00b6 3F       		.uleb128 0x3f
 697 00b7 19       		.uleb128 0x19
 698 00b8 02       		.uleb128 0x2
 699 00b9 18       		.uleb128 0x18
 700 00ba 00       		.byte	0
 701 00bb 00       		.byte	0
 702 00bc 0D       		.uleb128 0xd
 703 00bd 2E       		.uleb128 0x2e
 704 00be 00       		.byte	0
 705 00bf 3F       		.uleb128 0x3f
 706 00c0 19       		.uleb128 0x19
 707 00c1 3C       		.uleb128 0x3c
 708 00c2 19       		.uleb128 0x19
 709 00c3 6E       		.uleb128 0x6e
 710 00c4 0E       		.uleb128 0xe
 711 00c5 03       		.uleb128 0x3
 712 00c6 0E       		.uleb128 0xe
 713 00c7 3A       		.uleb128 0x3a
 714 00c8 0B       		.uleb128 0xb
 715 00c9 3B       		.uleb128 0x3b
 716 00ca 0B       		.uleb128 0xb
 717 00cb 00       		.byte	0
 718 00cc 00       		.byte	0
 719 00cd 00       		.byte	0
 720              		.section	.debug_aranges,"",%progbits
 721 0000 2C000000 		.4byte	0x2c
 722 0004 0200     		.2byte	0x2
 723 0006 00000000 		.4byte	.Ldebug_info0
 724 000a 04       		.byte	0x4
 725 000b 00       		.byte	0
 726 000c 0000     		.2byte	0
 727 000e 0000     		.2byte	0
 728 0010 00000000 		.4byte	.LFB63
 729 0014 14000000 		.4byte	.LFE63-.LFB63
 730 0018 00000000 		.4byte	.LFB64
 731 001c 14000000 		.4byte	.LFE64-.LFB64
 732 0020 00000000 		.4byte	.LFB65
 733 0024 8C000000 		.4byte	.LFE65-.LFB65
 734 0028 00000000 		.4byte	0
 735 002c 00000000 		.4byte	0
 736              		.section	.debug_ranges,"",%progbits
 737              	.Ldebug_ranges0:
 738 0000 00000000 		.4byte	.LFB63
 739 0004 14000000 		.4byte	.LFE63
 740 0008 00000000 		.4byte	.LFB64
 741 000c 14000000 		.4byte	.LFE64
 742 0010 00000000 		.4byte	.LFB65
 743 0014 8C000000 		.4byte	.LFE65
 744 0018 00000000 		.4byte	0
 745 001c 00000000 		.4byte	0
ARM GAS  C:\Users\Elias\AppData\Local\Temp\cczd8FRi.s 			page 15


 746              		.section	.debug_line,"",%progbits
 747              	.Ldebug_line0:
 748 0000 91010000 		.section	.debug_str,"MS",%progbits,1
 748      02004801 
 748      00000201 
 748      FB0E0D00 
 748      01010101 
 749              	.LASF8:
 750 0000 6C6F6E67 		.ascii	"long long int\000"
 750      206C6F6E 
 750      6720696E 
 750      7400
 751              	.LASF4:
 752 000e 5F5F7569 		.ascii	"__uint8_t\000"
 752      6E74385F 
 752      7400
 753              	.LASF35:
 754 0018 5A59424F 		.ascii	"ZYBO_GetChar\000"
 754      5F476574 
 754      43686172 
 754      00
 755              	.LASF29:
 756 0025 4C45445F 		.ascii	"LED_Write\000"
 756      57726974 
 756      6500
 757              	.LASF5:
 758 002f 5F5F696E 		.ascii	"__int32_t\000"
 758      7433325F 
 758      7400
 759              	.LASF36:
 760 0039 50435F50 		.ascii	"PC_PutChar\000"
 760      75744368 
 760      617200
 761              	.LASF19:
 762 0044 69737252 		.ascii	"isrRxZYBO_Handler\000"
 762      785A5942 
 762      4F5F4861 
 762      6E646C65 
 762      7200
 763              	.LASF23:
 764 0056 666C6167 		.ascii	"flag_rx_from_zybo\000"
 764      5F72785F 
 764      66726F6D 
 764      5F7A7962 
 764      6F00
 765              	.LASF32:
 766 0068 50435F47 		.ascii	"PC_GetChar\000"
 766      65744368 
 766      617200
 767              	.LASF13:
 768 0073 666C6F61 		.ascii	"float\000"
 768      7400
 769              	.LASF30:
 770 0079 69737252 		.ascii	"isrRxPC_StartEx\000"
 770      7850435F 
 770      53746172 
 770      74457800 
ARM GAS  C:\Users\Elias\AppData\Local\Temp\cczd8FRi.s 			page 16


 771              	.LASF1:
 772 0089 756E7369 		.ascii	"unsigned char\000"
 772      676E6564 
 772      20636861 
 772      7200
 773              	.LASF38:
 774 0097 474E5520 		.ascii	"GNU C11 5.4.1 20160609 (release) [ARM/embedded-5-br"
 774      43313120 
 774      352E342E 
 774      31203230 
 774      31363036 
 775 00ca 616E6368 		.ascii	"anch revision 237715] -mcpu=cortex-m3 -mthumb -g -O"
 775      20726576 
 775      6973696F 
 775      6E203233 
 775      37373135 
 776 00fd 67202D66 		.ascii	"g -ffunction-sections -ffat-lto-objects\000"
 776      66756E63 
 776      74696F6E 
 776      2D736563 
 776      74696F6E 
 777              	.LASF26:
 778 0125 69737252 		.ascii	"isrRxZYBO_ClearPending\000"
 778      785A5942 
 778      4F5F436C 
 778      65617250 
 778      656E6469 
 779              	.LASF25:
 780 013c 69737252 		.ascii	"isrRxPC_ClearPending\000"
 780      7850435F 
 780      436C6561 
 780      7250656E 
 780      64696E67 
 781              	.LASF7:
 782 0151 6C6F6E67 		.ascii	"long unsigned int\000"
 782      20756E73 
 782      69676E65 
 782      6420696E 
 782      7400
 783              	.LASF3:
 784 0163 73686F72 		.ascii	"short unsigned int\000"
 784      7420756E 
 784      7369676E 
 784      65642069 
 784      6E7400
 785              	.LASF20:
 786 0176 49544D5F 		.ascii	"ITM_RxBuffer\000"
 786      52784275 
 786      66666572 
 786      00
 787              	.LASF37:
 788 0183 5A59424F 		.ascii	"ZYBO_GetRxBufferSize\000"
 788      5F476574 
 788      52784275 
 788      66666572 
 788      53697A65 
 789              	.LASF14:
ARM GAS  C:\Users\Elias\AppData\Local\Temp\cczd8FRi.s 			page 17


 790 0198 646F7562 		.ascii	"double\000"
 790      6C6500
 791              	.LASF41:
 792 019f 6D61696E 		.ascii	"main\000"
 792      00
 793              	.LASF40:
 794 01a4 433A5C55 		.ascii	"C:\\Users\\Elias\\OneDrive\\Documentos\\PSoC Creato"
 794      73657273 
 794      5C456C69 
 794      61735C4F 
 794      6E654472 
 795 01d2 725C5072 		.ascii	"r\\PruebaUART\\PruebaUART.cydsn\000"
 795      75656261 
 795      55415254 
 795      5C507275 
 795      65626155 
 796              	.LASF10:
 797 01f0 756E7369 		.ascii	"unsigned int\000"
 797      676E6564 
 797      20696E74 
 797      00
 798              	.LASF9:
 799 01fd 6C6F6E67 		.ascii	"long long unsigned int\000"
 799      206C6F6E 
 799      6720756E 
 799      7369676E 
 799      65642069 
 800              	.LASF11:
 801 0214 75696E74 		.ascii	"uint8_t\000"
 801      385F7400 
 802              	.LASF34:
 803 021c 50435F47 		.ascii	"PC_GetRxBufferSize\000"
 803      65745278 
 803      42756666 
 803      65725369 
 803      7A6500
 804              	.LASF22:
 805 022f 666C6167 		.ascii	"flag_rx_from_pc\000"
 805      5F72785F 
 805      66726F6D 
 805      5F706300 
 806              	.LASF12:
 807 023f 696E7433 		.ascii	"int32_t\000"
 807      325F7400 
 808              	.LASF17:
 809 0247 73697A65 		.ascii	"sizetype\000"
 809      74797065 
 809      00
 810              	.LASF24:
 811 0250 4C45445F 		.ascii	"LED_STATE\000"
 811      53544154 
 811      4500
 812              	.LASF39:
 813 025a 6D61696E 		.ascii	"main.c\000"
 813      2E6300
 814              	.LASF15:
 815 0261 63686172 		.ascii	"char\000"
ARM GAS  C:\Users\Elias\AppData\Local\Temp\cczd8FRi.s 			page 18


 815      00
 816              	.LASF21:
 817 0266 666C6167 		.ascii	"flag_change_bps\000"
 817      5F636861 
 817      6E67655F 
 817      62707300 
 818              	.LASF2:
 819 0276 73686F72 		.ascii	"short int\000"
 819      7420696E 
 819      7400
 820              	.LASF33:
 821 0280 5A59424F 		.ascii	"ZYBO_PutChar\000"
 821      5F507574 
 821      43686172 
 821      00
 822              	.LASF31:
 823 028d 69737252 		.ascii	"isrRxZYBO_StartEx\000"
 823      785A5942 
 823      4F5F5374 
 823      61727445 
 823      7800
 824              	.LASF6:
 825 029f 6C6F6E67 		.ascii	"long int\000"
 825      20696E74 
 825      00
 826              	.LASF28:
 827 02a8 5A59424F 		.ascii	"ZYBO_Start\000"
 827      5F537461 
 827      727400
 828              	.LASF16:
 829 02b3 6C6F6E67 		.ascii	"long double\000"
 829      20646F75 
 829      626C6500 
 830              	.LASF0:
 831 02bf 7369676E 		.ascii	"signed char\000"
 831      65642063 
 831      68617200 
 832              	.LASF27:
 833 02cb 50435F53 		.ascii	"PC_Start\000"
 833      74617274 
 833      00
 834              	.LASF18:
 835 02d4 69737252 		.ascii	"isrRxPC_Handler\000"
 835      7850435F 
 835      48616E64 
 835      6C657200 
 836              		.ident	"GCC: (GNU Tools for ARM Embedded Processors) 5.4.1 20160609 (release) [ARM/embedded-5-bran
